{"/Users/lg/lab/daicer/frontend/src/i18n.ts": {"path":"/Users/lg/lab/daicer/frontend/src/i18n.ts","statementMap":{"0":{"start":{"line":11,"column":44},"end":{"line":11,"column":null}},"1":{"start":{"line":13,"column":2},"end":{"line":21,"column":null}},"2":{"start":{"line":14,"column":19},"end":{"line":14,"column":null}},"3":{"start":{"line":16,"column":4},"end":{"line":20,"column":null}},"4":{"start":{"line":17,"column":6},"end":{"line":17,"column":null}},"5":{"start":{"line":19,"column":6},"end":{"line":19,"column":null}},"6":{"start":{"line":23,"column":2},"end":{"line":23,"column":null}},"7":{"start":{"line":26,"column":10},"end":{"line":30,"column":null}},"8":{"start":{"line":32,"column":34},"end":{"line":36,"column":null}},"9":{"start":{"line":40,"column":22},"end":{"line":40,"column":null}},"10":{"start":{"line":41,"column":2},"end":{"line":41,"column":null}},"11":{"start":{"line":41,"column":36},"end":{"line":41,"column":null}},"12":{"start":{"line":42,"column":2},"end":{"line":42,"column":null}},"13":{"start":{"line":42,"column":36},"end":{"line":42,"column":null}},"14":{"start":{"line":43,"column":2},"end":{"line":43,"column":null}},"15":{"start":{"line":48,"column":17},"end":{"line":48,"column":null}},"16":{"start":{"line":49,"column":2},"end":{"line":51,"column":null}},"17":{"start":{"line":50,"column":4},"end":{"line":50,"column":null}},"18":{"start":{"line":52,"column":2},"end":{"line":52,"column":null}},"19":{"start":{"line":56,"column":35},"end":{"line":56,"column":null}},"20":{"start":{"line":58,"column":22},"end":{"line":61,"column":null}},"21":{"start":{"line":59,"column":4},"end":{"line":59,"column":null}},"22":{"start":{"line":60,"column":4},"end":{"line":60,"column":null}},"23":{"start":{"line":63,"column":12},"end":{"line":63,"column":null}},"24":{"start":{"line":63,"column":37},"end":{"line":63,"column":null}},"25":{"start":{"line":65,"column":2},"end":{"line":70,"column":null}}},"fnMap":{"0":{"name":"flattenTranslations","decl":{"start":{"line":10,"column":9},"end":{"line":10,"column":29}},"loc":{"start":{"line":10,"column":96},"end":{"line":24,"column":null}},"line":10},"1":{"name":"(anonymous_1)","decl":{"start":{"line":13,"column":30},"end":{"line":13,"column":31}},"loc":{"start":{"line":13,"column":48},"end":{"line":21,"column":3}},"line":13},"2":{"name":"getBrowserLanguage","decl":{"start":{"line":39,"column":9},"end":{"line":39,"column":40}},"loc":{"start":{"line":39,"column":40},"end":{"line":44,"column":null}},"line":39},"3":{"name":"getInitialLanguage","decl":{"start":{"line":47,"column":9},"end":{"line":47,"column":40}},"loc":{"start":{"line":47,"column":40},"end":{"line":53,"column":null}},"line":47},"4":{"name":"useI18n","decl":{"start":{"line":55,"column":16},"end":{"line":55,"column":26}},"loc":{"start":{"line":55,"column":26},"end":{"line":71,"column":null}},"line":55},"5":{"name":"(anonymous_5)","decl":{"start":{"line":58,"column":22},"end":{"line":58,"column":23}},"loc":{"start":{"line":58,"column":42},"end":{"line":61,"column":null}},"line":58},"6":{"name":"(anonymous_6)","decl":{"start":{"line":63,"column":12},"end":{"line":63,"column":13}},"loc":{"start":{"line":63,"column":37},"end":{"line":63,"column":null}},"line":63}},"branchMap":{"0":{"loc":{"start":{"line":10,"column":59},"end":{"line":10,"column":96}},"type":"default-arg","locations":[{"start":{"line":10,"column":68},"end":{"line":10,"column":96}}],"line":10},"1":{"loc":{"start":{"line":14,"column":19},"end":{"line":14,"column":null}},"type":"cond-expr","locations":[{"start":{"line":14,"column":28},"end":{"line":14,"column":49}},{"start":{"line":14,"column":49},"end":{"line":14,"column":null}}],"line":14},"2":{"loc":{"start":{"line":16,"column":4},"end":{"line":20,"column":null}},"type":"if","locations":[{"start":{"line":16,"column":4},"end":{"line":20,"column":null}},{"start":{"line":18,"column":11},"end":{"line":20,"column":null}}],"line":16},"3":{"loc":{"start":{"line":16,"column":8},"end":{"line":16,"column":78}},"type":"binary-expr","locations":[{"start":{"line":16,"column":8},"end":{"line":16,"column":37}},{"start":{"line":16,"column":37},"end":{"line":16,"column":55}},{"start":{"line":16,"column":55},"end":{"line":16,"column":78}}],"line":16},"4":{"loc":{"start":{"line":41,"column":2},"end":{"line":41,"column":null}},"type":"if","locations":[{"start":{"line":41,"column":2},"end":{"line":41,"column":null}},{"start":{},"end":{}}],"line":41},"5":{"loc":{"start":{"line":42,"column":2},"end":{"line":42,"column":null}},"type":"if","locations":[{"start":{"line":42,"column":2},"end":{"line":42,"column":null}},{"start":{},"end":{}}],"line":42},"6":{"loc":{"start":{"line":49,"column":2},"end":{"line":51,"column":null}},"type":"if","locations":[{"start":{"line":49,"column":2},"end":{"line":51,"column":null}},{"start":{},"end":{}}],"line":49},"7":{"loc":{"start":{"line":49,"column":6},"end":{"line":49,"column":64}},"type":"binary-expr","locations":[{"start":{"line":49,"column":6},"end":{"line":49,"column":25}},{"start":{"line":49,"column":25},"end":{"line":49,"column":44}},{"start":{"line":49,"column":44},"end":{"line":49,"column":64}}],"line":49},"8":{"loc":{"start":{"line":63,"column":37},"end":{"line":63,"column":null}},"type":"binary-expr","locations":[{"start":{"line":63,"column":37},"end":{"line":63,"column":57}},{"start":{"line":63,"column":57},"end":{"line":63,"column":null}}],"line":63}},"s":{"0":432,"1":432,"2":2532,"3":2532,"4":420,"5":2112,"6":432,"7":4,"8":4,"9":35,"10":35,"11":1,"12":34,"13":1,"14":33,"15":36,"16":36,"17":1,"18":35,"19":119,"20":119,"21":1,"22":1,"23":119,"24":384,"25":119},"f":{"0":432,"1":2532,"2":35,"3":36,"4":119,"5":1,"6":384},"b":{"0":[432],"1":[2412,120],"2":[420,2112],"3":[2532,420,420],"4":[1,34],"5":[1,33],"6":[1,35],"7":[36,36,36],"8":[384,54]},"meta":{"lastBranch":9,"lastFunction":7,"lastStatement":26,"seen":{"f:10:9:10:29":0,"b:10:68:10:96":0,"s:11:44:11:Infinity":0,"s:13:2:21:Infinity":1,"f:13:30:13:31":1,"s:14:19:14:Infinity":2,"b:14:28:14:49:14:49:14:Infinity":1,"b:16:4:20:Infinity:18:11:20:Infinity":2,"s:16:4:20:Infinity":3,"b:16:8:16:37:16:37:16:55:16:55:16:78":3,"s:17:6:17:Infinity":4,"s:19:6:19:Infinity":5,"s:23:2:23:Infinity":6,"s:26:10:30:Infinity":7,"s:32:34:36:Infinity":8,"f:39:9:39:40":2,"s:40:22:40:Infinity":9,"b:41:2:41:Infinity:undefined:undefined:undefined:undefined":4,"s:41:2:41:Infinity":10,"s:41:36:41:Infinity":11,"b:42:2:42:Infinity:undefined:undefined:undefined:undefined":5,"s:42:2:42:Infinity":12,"s:42:36:42:Infinity":13,"s:43:2:43:Infinity":14,"f:47:9:47:40":3,"s:48:17:48:Infinity":15,"b:49:2:51:Infinity:undefined:undefined:undefined:undefined":6,"s:49:2:51:Infinity":16,"b:49:6:49:25:49:25:49:44:49:44:49:64":7,"s:50:4:50:Infinity":17,"s:52:2:52:Infinity":18,"f:55:16:55:26":4,"s:56:35:56:Infinity":19,"s:58:22:61:Infinity":20,"f:58:22:58:23":5,"s:59:4:59:Infinity":21,"s:60:4:60:Infinity":22,"s:63:12:63:Infinity":23,"f:63:12:63:13":6,"s:63:37:63:Infinity":24,"b:63:37:63:57:63:57:63:Infinity":8,"s:65:2:70:Infinity":25}}}
,"/Users/lg/lab/daicer/frontend/src/components/LoginScreen.tsx": {"path":"/Users/lg/lab/daicer/frontend/src/components/LoginScreen.tsx","statementMap":{"0":{"start":{"line":13,"column":43},"end":{"line":13,"column":null}},"1":{"start":{"line":14,"column":12},"end":{"line":14,"column":null}},"2":{"start":{"line":16,"column":2},"end":{"line":58,"column":null}}},"fnMap":{"0":{"name":"LoginScreen","decl":{"start":{"line":12,"column":24},"end":{"line":12,"column":38}},"loc":{"start":{"line":12,"column":38},"end":{"line":60,"column":null}},"line":12}},"branchMap":{"0":{"loc":{"start":{"line":47,"column":13},"end":{"line":47,"column":null}},"type":"cond-expr","locations":[{"start":{"line":47,"column":23},"end":{"line":47,"column":45}},{"start":{"line":47,"column":45},"end":{"line":47,"column":null}}],"line":47},"1":{"loc":{"start":{"line":50,"column":11},"end":{"line":50,"column":null}},"type":"binary-expr","locations":[{"start":{"line":50,"column":11},"end":{"line":50,"column":20}},{"start":{"line":50,"column":20},"end":{"line":50,"column":null}}],"line":50}},"s":{"0":4,"1":4,"2":4},"f":{"0":4},"b":{"0":[1,3],"1":[4,1]},"meta":{"lastBranch":2,"lastFunction":1,"lastStatement":3,"seen":{"f:12:24:12:38":0,"s:13:43:13:Infinity":0,"s:14:12:14:Infinity":1,"s:16:2:58:Infinity":2,"b:47:23:47:45:47:45:47:Infinity":0,"b:50:11:50:20:50:20:50:Infinity":1}}}
,"/Users/lg/lab/daicer/frontend/src/components/combat/CharacterCard.tsx": {"path":"/Users/lg/lab/daicer/frontend/src/components/combat/CharacterCard.tsx","statementMap":{"0":{"start":{"line":17,"column":24},"end":{"line":17,"column":null}},"1":{"start":{"line":18,"column":18},"end":{"line":18,"column":null}},"2":{"start":{"line":20,"column":29},"end":{"line":20,"column":null}},"3":{"start":{"line":20,"column":56},"end":{"line":20,"column":null}},"4":{"start":{"line":22,"column":25},"end":{"line":22,"column":null}},"5":{"start":{"line":22,"column":56},"end":{"line":22,"column":null}},"6":{"start":{"line":24,"column":2},"end":{"line":140,"column":null}},"7":{"start":{"line":37,"column":8},"end":{"line":39,"column":null}},"8":{"start":{"line":38,"column":10},"end":{"line":38,"column":null}},"9":{"start":{"line":103,"column":10},"end":{"line":106,"column":null}},"10":{"start":{"line":130,"column":12},"end":{"line":136,"column":null}}},"fnMap":{"0":{"name":"CharacterCard","decl":{"start":{"line":16,"column":16},"end":{"line":16,"column":30}},"loc":{"start":{"line":16,"column":96},"end":{"line":142,"column":null}},"line":16},"1":{"name":"(anonymous_1)","decl":{"start":{"line":20,"column":29},"end":{"line":20,"column":30}},"loc":{"start":{"line":20,"column":56},"end":{"line":20,"column":null}},"line":20},"2":{"name":"(anonymous_2)","decl":{"start":{"line":22,"column":25},"end":{"line":22,"column":26}},"loc":{"start":{"line":22,"column":56},"end":{"line":22,"column":null}},"line":22},"3":{"name":"(anonymous_3)","decl":{"start":{"line":36,"column":17},"end":{"line":36,"column":18}},"loc":{"start":{"line":36,"column":24},"end":{"line":40,"column":null}},"line":36},"4":{"name":"(anonymous_4)","decl":{"start":{"line":102,"column":14},"end":{"line":102,"column":15}},"loc":{"start":{"line":103,"column":10},"end":{"line":106,"column":null}},"line":103},"5":{"name":"(anonymous_5)","decl":{"start":{"line":129,"column":36},"end":{"line":129,"column":37}},"loc":{"start":{"line":130,"column":12},"end":{"line":136,"column":null}},"line":130}},"branchMap":{"0":{"loc":{"start":{"line":18,"column":18},"end":{"line":18,"column":null}},"type":"cond-expr","locations":[{"start":{"line":18,"column":38},"end":{"line":18,"column":55}},{"start":{"line":18,"column":55},"end":{"line":18,"column":null}}],"line":18},"1":{"loc":{"start":{"line":18,"column":55},"end":{"line":18,"column":null}},"type":"cond-expr","locations":[{"start":{"line":18,"column":75},"end":{"line":18,"column":93}},{"start":{"line":18,"column":93},"end":{"line":18,"column":null}}],"line":18},"2":{"loc":{"start":{"line":22,"column":56},"end":{"line":22,"column":null}},"type":"cond-expr","locations":[{"start":{"line":22,"column":72},"end":{"line":22,"column":89}},{"start":{"line":22,"column":89},"end":{"line":22,"column":null}}],"line":22},"3":{"loc":{"start":{"line":30,"column":10},"end":{"line":30,"column":95}},"type":"cond-expr","locations":[{"start":{"line":30,"column":21},"end":{"line":30,"column":60}},{"start":{"line":30,"column":60},"end":{"line":30,"column":95}}],"line":30},"4":{"loc":{"start":{"line":31,"column":10},"end":{"line":31,"column":52}},"type":"cond-expr","locations":[{"start":{"line":31,"column":23},"end":{"line":31,"column":50}},{"start":{"line":31,"column":50},"end":{"line":31,"column":52}}],"line":31},"5":{"loc":{"start":{"line":32,"column":10},"end":{"line":32,"column":57}},"type":"cond-expr","locations":[{"start":{"line":32,"column":30},"end":{"line":32,"column":55}},{"start":{"line":32,"column":55},"end":{"line":32,"column":57}}],"line":32},"6":{"loc":{"start":{"line":37,"column":8},"end":{"line":39,"column":null}},"type":"if","locations":[{"start":{"line":37,"column":8},"end":{"line":39,"column":null}},{"start":{},"end":{}}],"line":37},"7":{"loc":{"start":{"line":37,"column":12},"end":{"line":37,"column":48}},"type":"binary-expr","locations":[{"start":{"line":37,"column":12},"end":{"line":37,"column":33}},{"start":{"line":37,"column":33},"end":{"line":37,"column":48}}],"line":37},"8":{"loc":{"start":{"line":47,"column":14},"end":{"line":47,"column":null}},"type":"cond-expr","locations":[{"start":{"line":47,"column":35},"end":{"line":47,"column":64}},{"start":{"line":47,"column":64},"end":{"line":47,"column":null}}],"line":47},"9":{"loc":{"start":{"line":57,"column":9},"end":{"line":57,"column":null}},"type":"binary-expr","locations":[{"start":{"line":57,"column":9},"end":{"line":57,"column":21}},{"start":{"line":57,"column":21},"end":{"line":57,"column":null}}],"line":57},"10":{"loc":{"start":{"line":74,"column":9},"end":{"line":74,"column":null}},"type":"binary-expr","locations":[{"start":{"line":74,"column":9},"end":{"line":74,"column":33}},{"start":{"line":74,"column":33},"end":{"line":74,"column":null}}],"line":74},"11":{"loc":{"start":{"line":111,"column":7},"end":{"line":123,"column":null}},"type":"binary-expr","locations":[{"start":{"line":111,"column":7},"end":{"line":111,"column":null}},{"start":{"line":112,"column":8},"end":{"line":123,"column":null}}],"line":111},"12":{"loc":{"start":{"line":114,"column":44},"end":{"line":114,"column":131}},"type":"cond-expr","locations":[{"start":{"line":114,"column":65},"end":{"line":114,"column":99}},{"start":{"line":114,"column":99},"end":{"line":114,"column":131}}],"line":114},"13":{"loc":{"start":{"line":116,"column":13},"end":{"line":116,"column":null}},"type":"cond-expr","locations":[{"start":{"line":116,"column":34},"end":{"line":116,"column":46}},{"start":{"line":116,"column":46},"end":{"line":116,"column":null}}],"line":116},"14":{"loc":{"start":{"line":119,"column":44},"end":{"line":119,"column":131}},"type":"cond-expr","locations":[{"start":{"line":119,"column":65},"end":{"line":119,"column":99}},{"start":{"line":119,"column":99},"end":{"line":119,"column":131}}],"line":119},"15":{"loc":{"start":{"line":121,"column":13},"end":{"line":121,"column":null}},"type":"cond-expr","locations":[{"start":{"line":121,"column":34},"end":{"line":121,"column":46}},{"start":{"line":121,"column":46},"end":{"line":121,"column":null}}],"line":121},"16":{"loc":{"start":{"line":127,"column":7},"end":{"line":138,"column":null}},"type":"binary-expr","locations":[{"start":{"line":127,"column":7},"end":{"line":127,"column":null}},{"start":{"line":128,"column":8},"end":{"line":138,"column":null}}],"line":127},"17":{"loc":{"start":{"line":135,"column":15},"end":{"line":135,"column":null}},"type":"binary-expr","locations":[{"start":{"line":135,"column":15},"end":{"line":135,"column":48}},{"start":{"line":135,"column":48},"end":{"line":135,"column":null}}],"line":135},"18":{"loc":{"start":{"line":131,"column":40},"end":{"line":131,"column":60}},"type":"binary-expr","locations":[{"start":{"line":131,"column":40},"end":{"line":131,"column":59}},{"start":{"line":131,"column":59},"end":{"line":131,"column":60}}],"line":131}},"s":{"0":22,"1":22,"2":22,"3":132,"4":22,"5":132,"6":22,"7":0,"8":0,"9":132,"10":2},"f":{"0":22,"1":132,"2":132,"3":0,"4":132,"5":2},"b":{"0":[18,4],"1":[0,4],"2":[100,32],"3":[4,18],"4":[1,21],"5":[1,21],"6":[0,0],"7":[0,0],"8":[20,2],"9":[22,4],"10":[22,19],"11":[22,4],"12":[1,3],"13":[1,3],"14":[1,3],"15":[1,3],"16":[22,1],"17":[2,1],"18":[2,1]},"meta":{"lastBranch":19,"lastFunction":6,"lastStatement":11,"seen":{"f:16:16:16:30":0,"s:17:24:17:Infinity":0,"s:18:18:18:Infinity":1,"b:18:38:18:55:18:55:18:Infinity":0,"b:18:75:18:93:18:93:18:Infinity":1,"s:20:29:20:Infinity":2,"f:20:29:20:30":1,"s:20:56:20:Infinity":3,"s:22:25:22:Infinity":4,"f:22:25:22:26":2,"s:22:56:22:Infinity":5,"b:22:72:22:89:22:89:22:Infinity":2,"s:24:2:140:Infinity":6,"b:30:21:30:60:30:60:30:95":3,"b:31:23:31:50:31:50:31:52":4,"b:32:30:32:55:32:55:32:57":5,"f:36:17:36:18":3,"b:37:8:39:Infinity:undefined:undefined:undefined:undefined":6,"s:37:8:39:Infinity":7,"b:37:12:37:33:37:33:37:48":7,"s:38:10:38:Infinity":8,"b:47:35:47:64:47:64:47:Infinity":8,"b:57:9:57:21:57:21:57:Infinity":9,"b:74:9:74:33:74:33:74:Infinity":10,"f:102:14:102:15":4,"s:103:10:106:Infinity":9,"b:111:7:111:Infinity:112:8:123:Infinity":11,"b:114:65:114:99:114:99:114:131":12,"b:116:34:116:46:116:46:116:Infinity":13,"b:119:65:119:99:119:99:119:131":14,"b:121:34:121:46:121:46:121:Infinity":15,"b:127:7:127:Infinity:128:8:138:Infinity":16,"f:129:36:129:37":5,"s:130:12:136:Infinity":10,"b:135:15:135:48:135:48:135:Infinity":17,"b:131:40:131:59:131:59:131:60":18}}}
,"/Users/lg/lab/daicer/frontend/src/components/combat/CombatCharacterSheet.tsx": {"path":"/Users/lg/lab/daicer/frontend/src/components/combat/CombatCharacterSheet.tsx","statementMap":{"0":{"start":{"line":11,"column":66},"end":{"line":18,"column":null}},"1":{"start":{"line":20,"column":23},"end":{"line":23,"column":null}},"2":{"start":{"line":21,"column":19},"end":{"line":21,"column":null}},"3":{"start":{"line":22,"column":2},"end":{"line":22,"column":null}},"4":{"start":{"line":26,"column":2},"end":{"line":41,"column":null}},"5":{"start":{"line":27,"column":26},"end":{"line":31,"column":null}},"6":{"start":{"line":28,"column":6},"end":{"line":30,"column":null}},"7":{"start":{"line":29,"column":8},"end":{"line":29,"column":null}},"8":{"start":{"line":33,"column":4},"end":{"line":33,"column":null}},"9":{"start":{"line":34,"column":29},"end":{"line":34,"column":null}},"10":{"start":{"line":35,"column":4},"end":{"line":35,"column":null}},"11":{"start":{"line":37,"column":4},"end":{"line":40,"column":null}},"12":{"start":{"line":38,"column":6},"end":{"line":38,"column":null}},"13":{"start":{"line":39,"column":6},"end":{"line":39,"column":null}},"14":{"start":{"line":43,"column":22},"end":{"line":48,"column":null}},"15":{"start":{"line":50,"column":2},"end":{"line":197,"column":null}},"16":{"start":{"line":119,"column":18},"end":{"line":128,"column":null}},"17":{"start":{"line":142,"column":22},"end":{"line":148,"column":null}},"18":{"start":{"line":162,"column":30},"end":{"line":162,"column":null}},"19":{"start":{"line":163,"column":16},"end":{"line":168,"column":null}}},"fnMap":{"0":{"name":"(anonymous_0)","decl":{"start":{"line":20,"column":23},"end":{"line":20,"column":24}},"loc":{"start":{"line":20,"column":50},"end":{"line":23,"column":null}},"line":20},"1":{"name":"CombatCharacterSheet","decl":{"start":{"line":25,"column":16},"end":{"line":25,"column":37}},"loc":{"start":{"line":25,"column":88},"end":{"line":199,"column":null}},"line":25},"2":{"name":"(anonymous_2)","decl":{"start":{"line":26,"column":12},"end":{"line":26,"column":18}},"loc":{"start":{"line":26,"column":18},"end":{"line":41,"column":5}},"line":26},"3":{"name":"(anonymous_3)","decl":{"start":{"line":27,"column":26},"end":{"line":27,"column":27}},"loc":{"start":{"line":27,"column":52},"end":{"line":31,"column":null}},"line":27},"4":{"name":"(anonymous_4)","decl":{"start":{"line":37,"column":11},"end":{"line":37,"column":17}},"loc":{"start":{"line":37,"column":17},"end":{"line":40,"column":null}},"line":37},"5":{"name":"(anonymous_5)","decl":{"start":{"line":118,"column":33},"end":{"line":118,"column":34}},"loc":{"start":{"line":119,"column":18},"end":{"line":128,"column":null}},"line":119},"6":{"name":"(anonymous_6)","decl":{"start":{"line":141,"column":46},"end":{"line":141,"column":47}},"loc":{"start":{"line":142,"column":22},"end":{"line":148,"column":null}},"line":142},"7":{"name":"(anonymous_7)","decl":{"start":{"line":161,"column":34},"end":{"line":161,"column":35}},"loc":{"start":{"line":161,"column":54},"end":{"line":170,"column":15}},"line":161}},"branchMap":{"0":{"loc":{"start":{"line":22,"column":9},"end":{"line":22,"column":null}},"type":"cond-expr","locations":[{"start":{"line":22,"column":25},"end":{"line":22,"column":42}},{"start":{"line":22,"column":42},"end":{"line":22,"column":null}}],"line":22},"1":{"loc":{"start":{"line":28,"column":6},"end":{"line":30,"column":null}},"type":"if","locations":[{"start":{"line":28,"column":6},"end":{"line":30,"column":null}},{"start":{},"end":{}}],"line":28},"2":{"loc":{"start":{"line":62,"column":15},"end":{"line":62,"column":75}},"type":"cond-expr","locations":[{"start":{"line":62,"column":36},"end":{"line":62,"column":57}},{"start":{"line":62,"column":57},"end":{"line":62,"column":75}}],"line":62},"3":{"loc":{"start":{"line":83,"column":21},"end":{"line":83,"column":null}},"type":"binary-expr","locations":[{"start":{"line":83,"column":21},"end":{"line":83,"column":45}},{"start":{"line":83,"column":45},"end":{"line":83,"column":null}}],"line":83},"4":{"loc":{"start":{"line":104,"column":17},"end":{"line":110,"column":null}},"type":"binary-expr","locations":[{"start":{"line":104,"column":17},"end":{"line":104,"column":null}},{"start":{"line":105,"column":18},"end":{"line":110,"column":null}}],"line":104},"5":{"loc":{"start":{"line":122,"column":22},"end":{"line":124,"column":null}},"type":"cond-expr","locations":[{"start":{"line":123,"column":26},"end":{"line":123,"column":null}},{"start":{"line":124,"column":26},"end":{"line":124,"column":null}}],"line":122},"6":{"loc":{"start":{"line":127,"column":21},"end":{"line":127,"column":null}},"type":"cond-expr","locations":[{"start":{"line":127,"column":29},"end":{"line":127,"column":44}},{"start":{"line":127,"column":44},"end":{"line":127,"column":null}}],"line":127},"7":{"loc":{"start":{"line":139,"column":17},"end":{"line":152,"column":null}},"type":"cond-expr","locations":[{"start":{"line":140,"column":18},"end":{"line":150,"column":null}},{"start":{"line":152,"column":18},"end":{"line":152,"column":null}}],"line":139},"8":{"loc":{"start":{"line":147,"column":25},"end":{"line":147,"column":null}},"type":"cond-expr","locations":[{"start":{"line":147,"column":57},"end":{"line":147,"column":81}},{"start":{"line":147,"column":81},"end":{"line":147,"column":null}}],"line":147},"9":{"loc":{"start":{"line":143,"column":50},"end":{"line":143,"column":70}},"type":"binary-expr","locations":[{"start":{"line":143,"column":50},"end":{"line":143,"column":69}},{"start":{"line":143,"column":69},"end":{"line":143,"column":70}}],"line":143},"10":{"loc":{"start":{"line":179,"column":62},"end":{"line":179,"column":86}},"type":"binary-expr","locations":[{"start":{"line":179,"column":62},"end":{"line":179,"column":82}},{"start":{"line":179,"column":82},"end":{"line":179,"column":86}}],"line":179},"11":{"loc":{"start":{"line":183,"column":62},"end":{"line":183,"column":105}},"type":"cond-expr","locations":[{"start":{"line":183,"column":83},"end":{"line":183,"column":95}},{"start":{"line":183,"column":95},"end":{"line":183,"column":105}}],"line":183},"12":{"loc":{"start":{"line":187,"column":62},"end":{"line":187,"column":99}},"type":"cond-expr","locations":[{"start":{"line":187,"column":86},"end":{"line":187,"column":94}},{"start":{"line":187,"column":94},"end":{"line":187,"column":99}}],"line":187},"13":{"loc":{"start":{"line":191,"column":62},"end":{"line":191,"column":102}},"type":"cond-expr","locations":[{"start":{"line":191,"column":89},"end":{"line":191,"column":97}},{"start":{"line":191,"column":97},"end":{"line":191,"column":102}}],"line":191}},"s":{"0":1,"1":1,"2":12,"3":12,"4":2,"5":2,"6":1,"7":1,"8":2,"9":2,"10":2,"11":2,"12":2,"13":2,"14":2,"15":2,"16":8,"17":2,"18":12,"19":12},"f":{"0":12,"1":2,"2":2,"3":1,"4":2,"5":8,"6":2,"7":12},"b":{"0":[12,0],"1":[1,0],"2":[2,0],"3":[2,2],"4":[2,2],"5":[4,4],"6":[4,4],"7":[2,0],"8":[0,2],"9":[2,2],"10":[2,0],"11":[2,0],"12":[2,0],"13":[0,2]},"meta":{"lastBranch":14,"lastFunction":8,"lastStatement":20,"seen":{"s:11:66:18:Infinity":0,"s:20:23:23:Infinity":1,"f:20:23:20:24":0,"s:21:19:21:Infinity":2,"s:22:2:22:Infinity":3,"b:22:25:22:42:22:42:22:Infinity":0,"f:25:16:25:37":1,"s:26:2:41:Infinity":4,"f:26:12:26:18":2,"s:27:26:31:Infinity":5,"f:27:26:27:27":3,"b:28:6:30:Infinity:undefined:undefined:undefined:undefined":1,"s:28:6:30:Infinity":6,"s:29:8:29:Infinity":7,"s:33:4:33:Infinity":8,"s:34:29:34:Infinity":9,"s:35:4:35:Infinity":10,"s:37:4:40:Infinity":11,"f:37:11:37:17":4,"s:38:6:38:Infinity":12,"s:39:6:39:Infinity":13,"s:43:22:48:Infinity":14,"s:50:2:197:Infinity":15,"b:62:36:62:57:62:57:62:75":2,"b:83:21:83:45:83:45:83:Infinity":3,"b:104:17:104:Infinity:105:18:110:Infinity":4,"f:118:33:118:34":5,"s:119:18:128:Infinity":16,"b:123:26:123:Infinity:124:26:124:Infinity":5,"b:127:29:127:44:127:44:127:Infinity":6,"b:140:18:150:Infinity:152:18:152:Infinity":7,"f:141:46:141:47":6,"s:142:22:148:Infinity":17,"b:147:57:147:81:147:81:147:Infinity":8,"b:143:50:143:69:143:69:143:70":9,"f:161:34:161:35":7,"s:162:30:162:Infinity":18,"s:163:16:168:Infinity":19,"b:179:62:179:82:179:82:179:86":10,"b:183:83:183:95:183:95:183:105":11,"b:187:86:187:94:187:94:187:99":12,"b:191:89:191:97:191:97:191:102":13}}}
,"/Users/lg/lab/daicer/frontend/src/components/combat/CombatGrid.tsx": {"path":"/Users/lg/lab/daicer/frontend/src/components/combat/CombatGrid.tsx","statementMap":{"0":{"start":{"line":29,"column":28},"end":{"line":29,"column":null}},"1":{"start":{"line":29,"column":63},"end":{"line":29,"column":null}},"2":{"start":{"line":29,"column":93},"end":{"line":29,"column":117}},"3":{"start":{"line":31,"column":25},"end":{"line":32,"column":null}},"4":{"start":{"line":32,"column":4},"end":{"line":32,"column":null}},"5":{"start":{"line":32,"column":27},"end":{"line":32,"column":79}},"6":{"start":{"line":34,"column":23},"end":{"line":90,"column":null}},"7":{"start":{"line":35,"column":22},"end":{"line":35,"column":null}},"8":{"start":{"line":36,"column":24},"end":{"line":36,"column":null}},"9":{"start":{"line":37,"column":21},"end":{"line":37,"column":null}},"10":{"start":{"line":38,"column":23},"end":{"line":38,"column":null}},"11":{"start":{"line":41,"column":6},"end":{"line":41,"column":null}},"12":{"start":{"line":42,"column":29},"end":{"line":44,"column":null}},"13":{"start":{"line":45,"column":26},"end":{"line":45,"column":null}},"14":{"start":{"line":46,"column":28},"end":{"line":46,"column":null}},"15":{"start":{"line":48,"column":4},"end":{"line":88,"column":null}},"16":{"start":{"line":55,"column":10},"end":{"line":59,"column":null}},"17":{"start":{"line":56,"column":12},"end":{"line":56,"column":null}},"18":{"start":{"line":58,"column":12},"end":{"line":58,"column":null}},"19":{"start":{"line":62,"column":10},"end":{"line":68,"column":null}},"20":{"start":{"line":63,"column":12},"end":{"line":67,"column":null}},"21":{"start":{"line":64,"column":14},"end":{"line":64,"column":null}},"22":{"start":{"line":66,"column":14},"end":{"line":66,"column":null}},"23":{"start":{"line":92,"column":2},"end":{"line":104,"column":null}},"24":{"start":{"line":101,"column":10},"end":{"line":101,"column":null}},"25":{"start":{"line":101,"column":57},"end":{"line":101,"column":75}}},"fnMap":{"0":{"name":"CombatGrid","decl":{"start":{"line":19,"column":16},"end":{"line":19,"column":27}},"loc":{"start":{"line":28,"column":20},"end":{"line":106,"column":null}},"line":28},"1":{"name":"(anonymous_1)","decl":{"start":{"line":29,"column":28},"end":{"line":29,"column":29}},"loc":{"start":{"line":29,"column":63},"end":{"line":29,"column":null}},"line":29},"2":{"name":"(anonymous_2)","decl":{"start":{"line":29,"column":85},"end":{"line":29,"column":86}},"loc":{"start":{"line":29,"column":93},"end":{"line":29,"column":117}},"line":29},"3":{"name":"(anonymous_3)","decl":{"start":{"line":31,"column":25},"end":{"line":31,"column":26}},"loc":{"start":{"line":32,"column":4},"end":{"line":32,"column":null}},"line":32},"4":{"name":"(anonymous_4)","decl":{"start":{"line":32,"column":20},"end":{"line":32,"column":21}},"loc":{"start":{"line":32,"column":27},"end":{"line":32,"column":79}},"line":32},"5":{"name":"(anonymous_5)","decl":{"start":{"line":34,"column":23},"end":{"line":34,"column":24}},"loc":{"start":{"line":34,"column":49},"end":{"line":90,"column":null}},"line":34},"6":{"name":"(anonymous_6)","decl":{"start":{"line":54,"column":17},"end":{"line":54,"column":23}},"loc":{"start":{"line":54,"column":23},"end":{"line":60,"column":null}},"line":54},"7":{"name":"(anonymous_7)","decl":{"start":{"line":61,"column":19},"end":{"line":61,"column":20}},"loc":{"start":{"line":61,"column":26},"end":{"line":69,"column":null}},"line":61},"8":{"name":"(anonymous_8)","decl":{"start":{"line":100,"column":44},"end":{"line":100,"column":45}},"loc":{"start":{"line":101,"column":10},"end":{"line":101,"column":null}},"line":101},"9":{"name":"(anonymous_9)","decl":{"start":{"line":101,"column":44},"end":{"line":101,"column":45}},"loc":{"start":{"line":101,"column":57},"end":{"line":101,"column":75}},"line":101}},"branchMap":{"0":{"loc":{"start":{"line":29,"column":93},"end":{"line":29,"column":117}},"type":"binary-expr","locations":[{"start":{"line":29,"column":93},"end":{"line":29,"column":107}},{"start":{"line":29,"column":107},"end":{"line":29,"column":117}}],"line":29},"1":{"loc":{"start":{"line":32,"column":27},"end":{"line":32,"column":79}},"type":"binary-expr","locations":[{"start":{"line":32,"column":27},"end":{"line":32,"column":49}},{"start":{"line":32,"column":49},"end":{"line":32,"column":71}},{"start":{"line":32,"column":71},"end":{"line":32,"column":79}}],"line":32},"2":{"loc":{"start":{"line":42,"column":29},"end":{"line":44,"column":null}},"type":"cond-expr","locations":[{"start":{"line":43,"column":8},"end":{"line":43,"column":null}},{"start":{"line":44,"column":8},"end":{"line":44,"column":null}}],"line":42},"3":{"loc":{"start":{"line":45,"column":26},"end":{"line":45,"column":null}},"type":"cond-expr","locations":[{"start":{"line":45,"column":37},"end":{"line":45,"column":64}},{"start":{"line":45,"column":64},"end":{"line":45,"column":null}}],"line":45},"4":{"loc":{"start":{"line":46,"column":28},"end":{"line":46,"column":null}},"type":"cond-expr","locations":[{"start":{"line":46,"column":41},"end":{"line":46,"column":68}},{"start":{"line":46,"column":68},"end":{"line":46,"column":null}}],"line":46},"5":{"loc":{"start":{"line":55,"column":10},"end":{"line":59,"column":null}},"type":"if","locations":[{"start":{"line":55,"column":10},"end":{"line":59,"column":null}},{"start":{"line":57,"column":17},"end":{"line":59,"column":null}}],"line":55},"6":{"loc":{"start":{"line":62,"column":10},"end":{"line":68,"column":null}},"type":"if","locations":[{"start":{"line":62,"column":10},"end":{"line":68,"column":null}},{"start":{},"end":{}}],"line":62},"7":{"loc":{"start":{"line":62,"column":14},"end":{"line":62,"column":50}},"type":"binary-expr","locations":[{"start":{"line":62,"column":14},"end":{"line":62,"column":35}},{"start":{"line":62,"column":35},"end":{"line":62,"column":50}}],"line":62},"8":{"loc":{"start":{"line":63,"column":12},"end":{"line":67,"column":null}},"type":"if","locations":[{"start":{"line":63,"column":12},"end":{"line":67,"column":null}},{"start":{"line":65,"column":19},"end":{"line":67,"column":null}}],"line":63},"9":{"loc":{"start":{"line":71,"column":9},"end":{"line":83,"column":null}},"type":"binary-expr","locations":[{"start":{"line":71,"column":9},"end":{"line":71,"column":null}},{"start":{"line":72,"column":10},"end":{"line":83,"column":null}}],"line":71},"10":{"loc":{"start":{"line":75,"column":16},"end":{"line":75,"column":null}},"type":"cond-expr","locations":[{"start":{"line":75,"column":37},"end":{"line":75,"column":66}},{"start":{"line":75,"column":66},"end":{"line":75,"column":null}}],"line":75}},"s":{"0":22,"1":2325,"2":398,"3":22,"4":2325,"5":2120,"6":22,"7":2325,"8":2325,"9":2325,"10":2325,"11":2325,"12":2325,"13":2325,"14":2325,"15":2325,"16":2,"17":1,"18":1,"19":0,"20":0,"21":0,"22":0,"23":22,"24":225,"25":2325},"f":{"0":22,"1":2325,"2":398,"3":2325,"4":2120,"5":2325,"6":2,"7":0,"8":225,"9":2325},"b":{"0":[398,40],"1":[2120,205,20],"2":[4,2321],"3":[14,2311],"4":[1,2324],"5":[1,1],"6":[0,0],"7":[0,0],"8":[0,0],"9":[2325,19],"10":[17,2]},"meta":{"lastBranch":11,"lastFunction":10,"lastStatement":26,"seen":{"f:19:16:19:27":0,"s:29:28:29:Infinity":0,"f:29:28:29:29":1,"s:29:63:29:Infinity":1,"f:29:85:29:86":2,"s:29:93:29:117":2,"b:29:93:29:107:29:107:29:117":0,"s:31:25:32:Infinity":3,"f:31:25:31:26":3,"s:32:4:32:Infinity":4,"f:32:20:32:21":4,"s:32:27:32:79":5,"b:32:27:32:49:32:49:32:71:32:71:32:79":1,"s:34:23:90:Infinity":6,"f:34:23:34:24":5,"s:35:22:35:Infinity":7,"s:36:24:36:Infinity":8,"s:37:21:37:Infinity":9,"s:38:23:38:Infinity":10,"s:41:6:41:Infinity":11,"s:42:29:44:Infinity":12,"b:43:8:43:Infinity:44:8:44:Infinity":2,"s:45:26:45:Infinity":13,"b:45:37:45:64:45:64:45:Infinity":3,"s:46:28:46:Infinity":14,"b:46:41:46:68:46:68:46:Infinity":4,"s:48:4:88:Infinity":15,"f:54:17:54:23":6,"b:55:10:59:Infinity:57:17:59:Infinity":5,"s:55:10:59:Infinity":16,"s:56:12:56:Infinity":17,"s:58:12:58:Infinity":18,"f:61:19:61:20":7,"b:62:10:68:Infinity:undefined:undefined:undefined:undefined":6,"s:62:10:68:Infinity":19,"b:62:14:62:35:62:35:62:50":7,"b:63:12:67:Infinity:65:19:67:Infinity":8,"s:63:12:67:Infinity":20,"s:64:14:64:Infinity":21,"s:66:14:66:Infinity":22,"b:71:9:71:Infinity:72:10:83:Infinity":9,"b:75:37:75:66:75:66:75:Infinity":10,"s:92:2:104:Infinity":23,"f:100:44:100:45":8,"s:101:10:101:Infinity":24,"f:101:44:101:45":9,"s:101:57:101:75":25}}}
,"/Users/lg/lab/daicer/frontend/src/components/combat/CombatLog.tsx": {"path":"/Users/lg/lab/daicer/frontend/src/components/combat/CombatLog.tsx","statementMap":{"0":{"start":{"line":15,"column":8},"end":{"line":15,"column":null}},"1":{"start":{"line":16,"column":40},"end":{"line":16,"column":null}},"2":{"start":{"line":18,"column":2},"end":{"line":20,"column":null}},"3":{"start":{"line":19,"column":4},"end":{"line":19,"column":null}},"4":{"start":{"line":22,"column":29},"end":{"line":32,"column":null}},"5":{"start":{"line":23,"column":4},"end":{"line":31,"column":null}},"6":{"start":{"line":24,"column":19},"end":{"line":24,"column":null}},"7":{"start":{"line":25,"column":6},"end":{"line":29,"column":null}},"8":{"start":{"line":26,"column":8},"end":{"line":26,"column":null}},"9":{"start":{"line":28,"column":8},"end":{"line":28,"column":null}},"10":{"start":{"line":30,"column":6},"end":{"line":30,"column":null}},"11":{"start":{"line":34,"column":18},"end":{"line":34,"column":null}},"12":{"start":{"line":34,"column":66},"end":{"line":34,"column":null}},"13":{"start":{"line":34,"column":90},"end":{"line":34,"column":105}},"14":{"start":{"line":36,"column":21},"end":{"line":54,"column":null}},"15":{"start":{"line":38,"column":6},"end":{"line":42,"column":null}},"16":{"start":{"line":45,"column":6},"end":{"line":49,"column":null}},"17":{"start":{"line":51,"column":25},"end":{"line":51,"column":null}},"18":{"start":{"line":53,"column":4},"end":{"line":53,"column":null}},"19":{"start":{"line":56,"column":25},"end":{"line":73,"column":null}},"20":{"start":{"line":57,"column":4},"end":{"line":72,"column":null}},"21":{"start":{"line":59,"column":8},"end":{"line":59,"column":null}},"22":{"start":{"line":61,"column":8},"end":{"line":61,"column":null}},"23":{"start":{"line":63,"column":8},"end":{"line":63,"column":null}},"24":{"start":{"line":65,"column":8},"end":{"line":65,"column":null}},"25":{"start":{"line":67,"column":8},"end":{"line":67,"column":null}},"26":{"start":{"line":69,"column":8},"end":{"line":69,"column":null}},"27":{"start":{"line":71,"column":8},"end":{"line":71,"column":null}},"28":{"start":{"line":75,"column":26},"end":{"line":92,"column":null}},"29":{"start":{"line":76,"column":4},"end":{"line":91,"column":null}},"30":{"start":{"line":78,"column":8},"end":{"line":78,"column":null}},"31":{"start":{"line":80,"column":8},"end":{"line":80,"column":null}},"32":{"start":{"line":82,"column":8},"end":{"line":82,"column":null}},"33":{"start":{"line":84,"column":8},"end":{"line":84,"column":null}},"34":{"start":{"line":86,"column":8},"end":{"line":86,"column":null}},"35":{"start":{"line":88,"column":8},"end":{"line":88,"column":null}},"36":{"start":{"line":90,"column":8},"end":{"line":90,"column":null}},"37":{"start":{"line":94,"column":32},"end":{"line":116,"column":null}},"38":{"start":{"line":95,"column":31},"end":{"line":95,"column":null}},"39":{"start":{"line":96,"column":24},"end":{"line":96,"column":null}},"40":{"start":{"line":97,"column":20},"end":{"line":97,"column":null}},"41":{"start":{"line":98,"column":40},"end":{"line":98,"column":null}},"42":{"start":{"line":100,"column":4},"end":{"line":109,"column":null}},"43":{"start":{"line":101,"column":6},"end":{"line":104,"column":null}},"44":{"start":{"line":102,"column":29},"end":{"line":102,"column":null}},"45":{"start":{"line":103,"column":8},"end":{"line":103,"column":null}},"46":{"start":{"line":106,"column":6},"end":{"line":106,"column":null}},"47":{"start":{"line":107,"column":6},"end":{"line":107,"column":null}},"48":{"start":{"line":108,"column":6},"end":{"line":108,"column":null}},"49":{"start":{"line":111,"column":4},"end":{"line":113,"column":null}},"50":{"start":{"line":112,"column":6},"end":{"line":112,"column":null}},"51":{"start":{"line":115,"column":4},"end":{"line":115,"column":null}},"52":{"start":{"line":118,"column":2},"end":{"line":168,"column":null}},"53":{"start":{"line":126,"column":10},"end":{"line":164,"column":null}},"54":{"start":{"line":136,"column":35},"end":{"line":136,"column":null}},"55":{"start":{"line":137,"column":22},"end":{"line":137,"column":null}},"56":{"start":{"line":137,"column":33},"end":{"line":137,"column":null}},"57":{"start":{"line":139,"column":41},"end":{"line":139,"column":null}},"58":{"start":{"line":141,"column":22},"end":{"line":157,"column":null}},"59":{"start":{"line":145,"column":43},"end":{"line":145,"column":null}}},"fnMap":{"0":{"name":"CombatLog","decl":{"start":{"line":14,"column":16},"end":{"line":14,"column":26}},"loc":{"start":{"line":14,"column":64},"end":{"line":170,"column":null}},"line":14},"1":{"name":"(anonymous_1)","decl":{"start":{"line":18,"column":12},"end":{"line":18,"column":18}},"loc":{"start":{"line":18,"column":18},"end":{"line":20,"column":5}},"line":18},"2":{"name":"(anonymous_2)","decl":{"start":{"line":22,"column":29},"end":{"line":22,"column":30}},"loc":{"start":{"line":22,"column":49},"end":{"line":32,"column":null}},"line":22},"3":{"name":"(anonymous_3)","decl":{"start":{"line":23,"column":21},"end":{"line":23,"column":22}},"loc":{"start":{"line":23,"column":31},"end":{"line":31,"column":5}},"line":23},"4":{"name":"(anonymous_4)","decl":{"start":{"line":34,"column":18},"end":{"line":34,"column":19}},"loc":{"start":{"line":34,"column":66},"end":{"line":34,"column":null}},"line":34},"5":{"name":"(anonymous_5)","decl":{"start":{"line":34,"column":83},"end":{"line":34,"column":84}},"loc":{"start":{"line":34,"column":90},"end":{"line":34,"column":105}},"line":34},"6":{"name":"(anonymous_6)","decl":{"start":{"line":36,"column":21},"end":{"line":36,"column":22}},"loc":{"start":{"line":36,"column":55},"end":{"line":54,"column":null}},"line":36},"7":{"name":"(anonymous_7)","decl":{"start":{"line":56,"column":25},"end":{"line":56,"column":26}},"loc":{"start":{"line":56,"column":51},"end":{"line":73,"column":null}},"line":56},"8":{"name":"(anonymous_8)","decl":{"start":{"line":75,"column":26},"end":{"line":75,"column":27}},"loc":{"start":{"line":75,"column":52},"end":{"line":92,"column":null}},"line":75},"9":{"name":"(anonymous_9)","decl":{"start":{"line":94,"column":32},"end":{"line":94,"column":33}},"loc":{"start":{"line":94,"column":63},"end":{"line":116,"column":null}},"line":94},"10":{"name":"(anonymous_10)","decl":{"start":{"line":125,"column":17},"end":{"line":125,"column":18}},"loc":{"start":{"line":126,"column":10},"end":{"line":164,"column":null}},"line":126},"11":{"name":"(anonymous_11)","decl":{"start":{"line":135,"column":44},"end":{"line":135,"column":45}},"loc":{"start":{"line":135,"column":56},"end":{"line":159,"column":21}},"line":135},"12":{"name":"(anonymous_12)","decl":{"start":{"line":145,"column":37},"end":{"line":145,"column":43}},"loc":{"start":{"line":145,"column":43},"end":{"line":145,"column":null}},"line":145}},"branchMap":{"0":{"loc":{"start":{"line":25,"column":6},"end":{"line":29,"column":null}},"type":"if","locations":[{"start":{"line":25,"column":6},"end":{"line":29,"column":null}},{"start":{"line":27,"column":13},"end":{"line":29,"column":null}}],"line":25},"1":{"loc":{"start":{"line":38,"column":6},"end":{"line":42,"column":null}},"type":"cond-expr","locations":[{"start":{"line":39,"column":10},"end":{"line":39,"column":null}},{"start":{"line":40,"column":10},"end":{"line":42,"column":null}}],"line":38},"2":{"loc":{"start":{"line":40,"column":10},"end":{"line":42,"column":null}},"type":"cond-expr","locations":[{"start":{"line":41,"column":12},"end":{"line":41,"column":null}},{"start":{"line":42,"column":12},"end":{"line":42,"column":null}}],"line":40},"3":{"loc":{"start":{"line":45,"column":6},"end":{"line":49,"column":null}},"type":"cond-expr","locations":[{"start":{"line":46,"column":10},"end":{"line":46,"column":null}},{"start":{"line":47,"column":10},"end":{"line":49,"column":null}}],"line":45},"4":{"loc":{"start":{"line":45,"column":6},"end":{"line":45,"column":null}},"type":"binary-expr","locations":[{"start":{"line":45,"column":6},"end":{"line":45,"column":34}},{"start":{"line":45,"column":34},"end":{"line":45,"column":null}}],"line":45},"5":{"loc":{"start":{"line":47,"column":10},"end":{"line":49,"column":null}},"type":"cond-expr","locations":[{"start":{"line":48,"column":12},"end":{"line":48,"column":null}},{"start":{"line":49,"column":12},"end":{"line":49,"column":null}}],"line":47},"6":{"loc":{"start":{"line":51,"column":25},"end":{"line":51,"column":null}},"type":"cond-expr","locations":[{"start":{"line":51,"column":47},"end":{"line":51,"column":71}},{"start":{"line":51,"column":71},"end":{"line":51,"column":null}}],"line":51},"7":{"loc":{"start":{"line":57,"column":4},"end":{"line":72,"column":null}},"type":"switch","locations":[{"start":{"line":58,"column":6},"end":{"line":59,"column":null}},{"start":{"line":60,"column":6},"end":{"line":61,"column":null}},{"start":{"line":62,"column":6},"end":{"line":63,"column":null}},{"start":{"line":64,"column":6},"end":{"line":65,"column":null}},{"start":{"line":66,"column":6},"end":{"line":67,"column":null}},{"start":{"line":68,"column":6},"end":{"line":69,"column":null}},{"start":{"line":70,"column":6},"end":{"line":71,"column":null}}],"line":57},"8":{"loc":{"start":{"line":76,"column":4},"end":{"line":91,"column":null}},"type":"switch","locations":[{"start":{"line":77,"column":6},"end":{"line":78,"column":null}},{"start":{"line":79,"column":6},"end":{"line":80,"column":null}},{"start":{"line":81,"column":6},"end":{"line":82,"column":null}},{"start":{"line":83,"column":6},"end":{"line":84,"column":null}},{"start":{"line":85,"column":6},"end":{"line":86,"column":null}},{"start":{"line":87,"column":6},"end":{"line":88,"column":null}},{"start":{"line":89,"column":6},"end":{"line":90,"column":null}}],"line":76},"9":{"loc":{"start":{"line":101,"column":6},"end":{"line":104,"column":null}},"type":"if","locations":[{"start":{"line":101,"column":6},"end":{"line":104,"column":null}},{"start":{},"end":{}}],"line":101},"10":{"loc":{"start":{"line":111,"column":4},"end":{"line":113,"column":null}},"type":"if","locations":[{"start":{"line":111,"column":4},"end":{"line":113,"column":null}},{"start":{},"end":{}}],"line":111},"11":{"loc":{"start":{"line":115,"column":11},"end":{"line":115,"column":null}},"type":"cond-expr","locations":[{"start":{"line":115,"column":30},"end":{"line":115,"column":38}},{"start":{"line":115,"column":38},"end":{"line":115,"column":null}}],"line":115},"12":{"loc":{"start":{"line":133,"column":17},"end":{"line":160,"column":null}},"type":"binary-expr","locations":[{"start":{"line":133,"column":17},"end":{"line":133,"column":null}},{"start":{"line":134,"column":18},"end":{"line":160,"column":null}}],"line":133},"13":{"loc":{"start":{"line":137,"column":22},"end":{"line":137,"column":null}},"type":"if","locations":[{"start":{"line":137,"column":22},"end":{"line":137,"column":null}},{"start":{},"end":{}}],"line":137},"14":{"loc":{"start":{"line":148,"column":29},"end":{"line":148,"column":52}},"type":"cond-expr","locations":[{"start":{"line":148,"column":42},"end":{"line":148,"column":48}},{"start":{"line":148,"column":48},"end":{"line":148,"column":52}}],"line":148},"15":{"loc":{"start":{"line":152,"column":27},"end":{"line":155,"column":null}},"type":"binary-expr","locations":[{"start":{"line":152,"column":27},"end":{"line":152,"column":null}},{"start":{"line":153,"column":28},"end":{"line":155,"column":null}}],"line":152}},"s":{"0":23,"1":23,"2":23,"3":21,"4":23,"5":2,"6":2,"7":2,"8":1,"9":1,"10":2,"11":23,"12":8,"13":7,"14":23,"15":1,"16":1,"17":1,"18":1,"19":23,"20":20,"21":15,"22":1,"23":1,"24":1,"25":1,"26":1,"27":0,"28":23,"29":20,"30":15,"31":1,"32":1,"33":1,"34":1,"35":1,"36":0,"37":23,"38":21,"39":21,"40":21,"41":21,"42":21,"43":3,"44":3,"45":3,"46":3,"47":3,"48":3,"49":21,"50":20,"51":21,"52":23,"53":20,"54":8,"55":8,"56":1,"57":7,"58":7,"59":2},"f":{"0":23,"1":21,"2":2,"3":2,"4":8,"5":7,"6":1,"7":20,"8":20,"9":21,"10":20,"11":8,"12":2},"b":{"0":[1,1],"1":[0,1],"2":[0,1],"3":[0,1],"4":[1,0],"5":[0,1],"6":[1,0],"7":[15,1,1,1,1,1,0],"8":[15,1,1,1,1,1,0],"9":[3,0],"10":[20,1],"11":[21,0],"12":[20,8],"13":[1,7],"14":[1,6],"15":[8,1]},"meta":{"lastBranch":16,"lastFunction":13,"lastStatement":60,"seen":{"f:14:16:14:26":0,"s:15:8:15:Infinity":0,"s:16:40:16:Infinity":1,"s:18:2:20:Infinity":2,"f:18:12:18:18":1,"s:19:4:19:Infinity":3,"s:22:29:32:Infinity":4,"f:22:29:22:30":2,"s:23:4:31:Infinity":5,"f:23:21:23:22":3,"s:24:19:24:Infinity":6,"b:25:6:29:Infinity:27:13:29:Infinity":0,"s:25:6:29:Infinity":7,"s:26:8:26:Infinity":8,"s:28:8:28:Infinity":9,"s:30:6:30:Infinity":10,"s:34:18:34:Infinity":11,"f:34:18:34:19":4,"s:34:66:34:Infinity":12,"f:34:83:34:84":5,"s:34:90:34:105":13,"s:36:21:54:Infinity":14,"f:36:21:36:22":6,"s:38:6:42:Infinity":15,"b:39:10:39:Infinity:40:10:42:Infinity":1,"b:41:12:41:Infinity:42:12:42:Infinity":2,"s:45:6:49:Infinity":16,"b:46:10:46:Infinity:47:10:49:Infinity":3,"b:45:6:45:34:45:34:45:Infinity":4,"b:48:12:48:Infinity:49:12:49:Infinity":5,"s:51:25:51:Infinity":17,"b:51:47:51:71:51:71:51:Infinity":6,"s:53:4:53:Infinity":18,"s:56:25:73:Infinity":19,"f:56:25:56:26":7,"b:58:6:59:Infinity:60:6:61:Infinity:62:6:63:Infinity:64:6:65:Infinity:66:6:67:Infinity:68:6:69:Infinity:70:6:71:Infinity":7,"s:57:4:72:Infinity":20,"s:59:8:59:Infinity":21,"s:61:8:61:Infinity":22,"s:63:8:63:Infinity":23,"s:65:8:65:Infinity":24,"s:67:8:67:Infinity":25,"s:69:8:69:Infinity":26,"s:71:8:71:Infinity":27,"s:75:26:92:Infinity":28,"f:75:26:75:27":8,"b:77:6:78:Infinity:79:6:80:Infinity:81:6:82:Infinity:83:6:84:Infinity:85:6:86:Infinity:87:6:88:Infinity:89:6:90:Infinity":8,"s:76:4:91:Infinity":29,"s:78:8:78:Infinity":30,"s:80:8:80:Infinity":31,"s:82:8:82:Infinity":32,"s:84:8:84:Infinity":33,"s:86:8:86:Infinity":34,"s:88:8:88:Infinity":35,"s:90:8:90:Infinity":36,"s:94:32:116:Infinity":37,"f:94:32:94:33":9,"s:95:31:95:Infinity":38,"s:96:24:96:Infinity":39,"s:97:20:97:Infinity":40,"s:98:40:98:Infinity":41,"s:100:4:109:Infinity":42,"b:101:6:104:Infinity:undefined:undefined:undefined:undefined":9,"s:101:6:104:Infinity":43,"s:102:29:102:Infinity":44,"s:103:8:103:Infinity":45,"s:106:6:106:Infinity":46,"s:107:6:107:Infinity":47,"s:108:6:108:Infinity":48,"b:111:4:113:Infinity:undefined:undefined:undefined:undefined":10,"s:111:4:113:Infinity":49,"s:112:6:112:Infinity":50,"s:115:4:115:Infinity":51,"b:115:30:115:38:115:38:115:Infinity":11,"s:118:2:168:Infinity":52,"f:125:17:125:18":10,"s:126:10:164:Infinity":53,"b:133:17:133:Infinity:134:18:160:Infinity":12,"f:135:44:135:45":11,"s:136:35:136:Infinity":54,"b:137:22:137:Infinity:undefined:undefined:undefined:undefined":13,"s:137:22:137:Infinity":55,"s:137:33:137:Infinity":56,"s:139:41:139:Infinity":57,"s:141:22:157:Infinity":58,"f:145:37:145:43":12,"s:145:43:145:Infinity":59,"b:148:42:148:48:148:48:148:52":14,"b:152:27:152:Infinity:153:28:155:Infinity":15}}}
,"/Users/lg/lab/daicer/frontend/src/components/combat/SpellSummaryPanel.tsx": {"path":"/Users/lg/lab/daicer/frontend/src/components/combat/SpellSummaryPanel.tsx","statementMap":{"0":{"start":{"line":20,"column":23},"end":{"line":20,"column":null}},"1":{"start":{"line":20,"column":51},"end":{"line":20,"column":null}},"2":{"start":{"line":31,"column":8},"end":{"line":34,"column":null}},"3":{"start":{"line":36,"column":2},"end":{"line":165,"column":null}},"4":{"start":{"line":77,"column":18},"end":{"line":84,"column":null}},"5":{"start":{"line":100,"column":22},"end":{"line":103,"column":null}},"6":{"start":{"line":113,"column":22},"end":{"line":116,"column":null}},"7":{"start":{"line":126,"column":22},"end":{"line":130,"column":null}},"8":{"start":{"line":147,"column":31},"end":{"line":147,"column":null}},"9":{"start":{"line":148,"column":14},"end":{"line":159,"column":null}}},"fnMap":{"0":{"name":"(anonymous_0)","decl":{"start":{"line":20,"column":23},"end":{"line":20,"column":24}},"loc":{"start":{"line":20,"column":51},"end":{"line":20,"column":null}},"line":20},"1":{"name":"SpellSummaryPanel","decl":{"start":{"line":22,"column":16},"end":{"line":22,"column":34}},"loc":{"start":{"line":30,"column":27},"end":{"line":167,"column":null}},"line":30},"2":{"name":"(anonymous_2)","decl":{"start":{"line":76,"column":40},"end":{"line":76,"column":41}},"loc":{"start":{"line":77,"column":18},"end":{"line":84,"column":null}},"line":77},"3":{"name":"(anonymous_3)","decl":{"start":{"line":99,"column":48},"end":{"line":99,"column":49}},"loc":{"start":{"line":100,"column":22},"end":{"line":103,"column":null}},"line":100},"4":{"name":"(anonymous_4)","decl":{"start":{"line":112,"column":49},"end":{"line":112,"column":50}},"loc":{"start":{"line":113,"column":22},"end":{"line":116,"column":null}},"line":113},"5":{"name":"(anonymous_5)","decl":{"start":{"line":125,"column":48},"end":{"line":125,"column":49}},"loc":{"start":{"line":126,"column":22},"end":{"line":130,"column":null}},"line":126},"6":{"name":"(anonymous_6)","decl":{"start":{"line":146,"column":25},"end":{"line":146,"column":26}},"loc":{"start":{"line":146,"column":62},"end":{"line":161,"column":13}},"line":146}},"branchMap":{"0":{"loc":{"start":{"line":20,"column":51},"end":{"line":20,"column":null}},"type":"cond-expr","locations":[{"start":{"line":20,"column":64},"end":{"line":20,"column":78}},{"start":{"line":20,"column":78},"end":{"line":20,"column":null}}],"line":20},"1":{"loc":{"start":{"line":31,"column":8},"end":{"line":34,"column":null}},"type":"binary-expr","locations":[{"start":{"line":31,"column":8},"end":{"line":32,"column":null}},{"start":{"line":32,"column":44},"end":{"line":33,"column":null}},{"start":{"line":33,"column":45},"end":{"line":34,"column":null}}],"line":31},"2":{"loc":{"start":{"line":34,"column":5},"end":{"line":34,"column":44}},"type":"binary-expr","locations":[{"start":{"line":34,"column":5},"end":{"line":34,"column":39}},{"start":{"line":34,"column":39},"end":{"line":34,"column":44}}],"line":34},"3":{"loc":{"start":{"line":40,"column":9},"end":{"line":45,"column":null}},"type":"cond-expr","locations":[{"start":{"line":41,"column":10},"end":{"line":43,"column":null}},{"start":{"line":45,"column":10},"end":{"line":45,"column":null}}],"line":40},"4":{"loc":{"start":{"line":47,"column":9},"end":{"line":50,"column":null}},"type":"binary-expr","locations":[{"start":{"line":47,"column":9},"end":{"line":47,"column":null}},{"start":{"line":48,"column":10},"end":{"line":50,"column":null}}],"line":47},"5":{"loc":{"start":{"line":54,"column":7},"end":{"line":63,"column":null}},"type":"binary-expr","locations":[{"start":{"line":54,"column":7},"end":{"line":54,"column":null}},{"start":{"line":55,"column":8},"end":{"line":63,"column":null}}],"line":54},"6":{"loc":{"start":{"line":59,"column":13},"end":{"line":59,"column":null}},"type":"binary-expr","locations":[{"start":{"line":59,"column":13},"end":{"line":59,"column":41}},{"start":{"line":59,"column":41},"end":{"line":59,"column":null}}],"line":59},"7":{"loc":{"start":{"line":60,"column":13},"end":{"line":60,"column":null}},"type":"binary-expr","locations":[{"start":{"line":60,"column":13},"end":{"line":60,"column":44}},{"start":{"line":60,"column":44},"end":{"line":60,"column":75}},{"start":{"line":60,"column":75},"end":{"line":60,"column":null}}],"line":60},"8":{"loc":{"start":{"line":61,"column":13},"end":{"line":61,"column":null}},"type":"binary-expr","locations":[{"start":{"line":61,"column":13},"end":{"line":61,"column":43}},{"start":{"line":61,"column":43},"end":{"line":61,"column":null}}],"line":61},"9":{"loc":{"start":{"line":66,"column":7},"end":{"line":137,"column":null}},"type":"binary-expr","locations":[{"start":{"line":66,"column":7},"end":{"line":66,"column":null}},{"start":{"line":67,"column":8},"end":{"line":137,"column":null}}],"line":66},"10":{"loc":{"start":{"line":72,"column":15},"end":{"line":72,"column":71}},"type":"cond-expr","locations":[{"start":{"line":72,"column":62},"end":{"line":72,"column":67}},{"start":{"line":72,"column":67},"end":{"line":72,"column":71}}],"line":72},"11":{"loc":{"start":{"line":74,"column":13},"end":{"line":86,"column":null}},"type":"binary-expr","locations":[{"start":{"line":74,"column":13},"end":{"line":74,"column":null}},{"start":{"line":75,"column":14},"end":{"line":86,"column":null}}],"line":74},"12":{"loc":{"start":{"line":79,"column":37},"end":{"line":79,"column":null}},"type":"cond-expr","locations":[{"start":{"line":79,"column":55},"end":{"line":79,"column":66}},{"start":{"line":79,"column":66},"end":{"line":79,"column":null}}],"line":79},"13":{"loc":{"start":{"line":89,"column":15},"end":{"line":89,"column":null}},"type":"cond-expr","locations":[{"start":{"line":89,"column":49},"end":{"line":89,"column":89}},{"start":{"line":89,"column":89},"end":{"line":89,"column":null}}],"line":89},"14":{"loc":{"start":{"line":93,"column":11},"end":{"line":135,"column":null}},"type":"binary-expr","locations":[{"start":{"line":93,"column":11},"end":{"line":93,"column":null}},{"start":{"line":94,"column":12},"end":{"line":135,"column":null}}],"line":93},"15":{"loc":{"start":{"line":95,"column":15},"end":{"line":106,"column":null}},"type":"binary-expr","locations":[{"start":{"line":95,"column":15},"end":{"line":95,"column":null}},{"start":{"line":96,"column":16},"end":{"line":106,"column":null}}],"line":95},"16":{"loc":{"start":{"line":108,"column":15},"end":{"line":119,"column":null}},"type":"binary-expr","locations":[{"start":{"line":108,"column":15},"end":{"line":108,"column":null}},{"start":{"line":109,"column":16},"end":{"line":119,"column":null}}],"line":108},"17":{"loc":{"start":{"line":121,"column":15},"end":{"line":133,"column":null}},"type":"binary-expr","locations":[{"start":{"line":121,"column":15},"end":{"line":121,"column":null}},{"start":{"line":122,"column":16},"end":{"line":133,"column":null}}],"line":121},"18":{"loc":{"start":{"line":129,"column":25},"end":{"line":129,"column":null}},"type":"cond-expr","locations":[{"start":{"line":129,"column":41},"end":{"line":129,"column":85}},{"start":{"line":129,"column":85},"end":{"line":129,"column":null}}],"line":129},"19":{"loc":{"start":{"line":142,"column":9},"end":{"line":162,"column":null}},"type":"cond-expr","locations":[{"start":{"line":143,"column":10},"end":{"line":143,"column":null}},{"start":{"line":145,"column":10},"end":{"line":162,"column":null}}],"line":142},"20":{"loc":{"start":{"line":152,"column":20},"end":{"line":154,"column":null}},"type":"cond-expr","locations":[{"start":{"line":153,"column":24},"end":{"line":153,"column":null}},{"start":{"line":154,"column":24},"end":{"line":154,"column":null}}],"line":152},"21":{"loc":{"start":{"line":158,"column":19},"end":{"line":158,"column":null}},"type":"cond-expr","locations":[{"start":{"line":158,"column":34},"end":{"line":158,"column":54}},{"start":{"line":158,"column":54},"end":{"line":158,"column":null}}],"line":158}},"s":{"0":1,"1":1,"2":1,"3":1,"4":2,"5":0,"6":1,"7":1,"8":1,"9":1},"f":{"0":1,"1":1,"2":2,"3":0,"4":1,"5":1,"6":1},"b":{"0":[1,0],"1":[1,1,0],"2":[0,0],"3":[1,0],"4":[1,1],"5":[1,1],"6":[1,1],"7":[1,1,1],"8":[1,0],"9":[1,1],"10":[0,1],"11":[1,1],"12":[0,2],"13":[0,1],"14":[1,1],"15":[1,0],"16":[1,1],"17":[1,1],"18":[1,0],"19":[0,1],"20":[1,0],"21":[1,0]},"meta":{"lastBranch":22,"lastFunction":7,"lastStatement":10,"seen":{"s:20:23:20:Infinity":0,"f:20:23:20:24":0,"s:20:51:20:Infinity":1,"b:20:64:20:78:20:78:20:Infinity":0,"f:22:16:22:34":1,"s:31:8:34:Infinity":2,"b:31:8:32:Infinity:32:44:33:Infinity:33:45:34:Infinity":1,"b:34:5:34:39:34:39:34:44":2,"s:36:2:165:Infinity":3,"b:41:10:43:Infinity:45:10:45:Infinity":3,"b:47:9:47:Infinity:48:10:50:Infinity":4,"b:54:7:54:Infinity:55:8:63:Infinity":5,"b:59:13:59:41:59:41:59:Infinity":6,"b:60:13:60:44:60:44:60:75:60:75:60:Infinity":7,"b:61:13:61:43:61:43:61:Infinity":8,"b:66:7:66:Infinity:67:8:137:Infinity":9,"b:72:62:72:67:72:67:72:71":10,"b:74:13:74:Infinity:75:14:86:Infinity":11,"f:76:40:76:41":2,"s:77:18:84:Infinity":4,"b:79:55:79:66:79:66:79:Infinity":12,"b:89:49:89:89:89:89:89:Infinity":13,"b:93:11:93:Infinity:94:12:135:Infinity":14,"b:95:15:95:Infinity:96:16:106:Infinity":15,"f:99:48:99:49":3,"s:100:22:103:Infinity":5,"b:108:15:108:Infinity:109:16:119:Infinity":16,"f:112:49:112:50":4,"s:113:22:116:Infinity":6,"b:121:15:121:Infinity:122:16:133:Infinity":17,"f:125:48:125:49":5,"s:126:22:130:Infinity":7,"b:129:41:129:85:129:85:129:Infinity":18,"b:143:10:143:Infinity:145:10:162:Infinity":19,"f:146:25:146:26":6,"s:147:31:147:Infinity":8,"s:148:14:159:Infinity":9,"b:153:24:153:Infinity:154:24:154:Infinity":20,"b:158:34:158:54:158:54:158:Infinity":21}}}
,"/Users/lg/lab/daicer/frontend/src/components/combat/TimeTravelPanel.tsx": {"path":"/Users/lg/lab/daicer/frontend/src/components/combat/TimeTravelPanel.tsx","statementMap":{"0":{"start":{"line":18,"column":38},"end":{"line":18,"column":null}},"1":{"start":{"line":20,"column":26},"end":{"line":23,"column":null}},"2":{"start":{"line":21,"column":17},"end":{"line":21,"column":null}},"3":{"start":{"line":22,"column":4},"end":{"line":22,"column":null}},"4":{"start":{"line":25,"column":2},"end":{"line":44,"column":null}},"5":{"start":{"line":26,"column":4},"end":{"line":42,"column":null}},"6":{"start":{"line":46,"column":2},"end":{"line":158,"column":null}},"7":{"start":{"line":82,"column":32},"end":{"line":82,"column":null}},"8":{"start":{"line":83,"column":29},"end":{"line":83,"column":null}},"9":{"start":{"line":84,"column":31},"end":{"line":84,"column":null}},"10":{"start":{"line":86,"column":14},"end":{"line":125,"column":null}},"11":{"start":{"line":90,"column":38},"end":{"line":90,"column":null}},"12":{"start":{"line":91,"column":38},"end":{"line":91,"column":null}},"13":{"start":{"line":112,"column":35},"end":{"line":112,"column":null}},"14":{"start":{"line":114,"column":22},"end":{"line":116,"column":null}},"15":{"start":{"line":115,"column":24},"end":{"line":115,"column":null}},"16":{"start":{"line":122,"column":88},"end":{"line":122,"column":96}},"17":{"start":{"line":139,"column":27},"end":{"line":139,"column":null}},"18":{"start":{"line":147,"column":27},"end":{"line":147,"column":null}}},"fnMap":{"0":{"name":"TimeTravelPanel","decl":{"start":{"line":17,"column":16},"end":{"line":17,"column":32}},"loc":{"start":{"line":17,"column":110},"end":{"line":160,"column":null}},"line":17},"1":{"name":"(anonymous_1)","decl":{"start":{"line":20,"column":26},"end":{"line":20,"column":27}},"loc":{"start":{"line":20,"column":57},"end":{"line":23,"column":null}},"line":20},"2":{"name":"(anonymous_2)","decl":{"start":{"line":81,"column":25},"end":{"line":81,"column":26}},"loc":{"start":{"line":81,"column":43},"end":{"line":127,"column":13}},"line":81},"3":{"name":"(anonymous_3)","decl":{"start":{"line":90,"column":32},"end":{"line":90,"column":38}},"loc":{"start":{"line":90,"column":38},"end":{"line":90,"column":null}},"line":90},"4":{"name":"(anonymous_4)","decl":{"start":{"line":91,"column":32},"end":{"line":91,"column":38}},"loc":{"start":{"line":91,"column":38},"end":{"line":91,"column":null}},"line":91},"5":{"name":"(anonymous_5)","decl":{"start":{"line":112,"column":29},"end":{"line":112,"column":35}},"loc":{"start":{"line":112,"column":35},"end":{"line":112,"column":null}},"line":112},"6":{"name":"(anonymous_6)","decl":{"start":{"line":113,"column":31},"end":{"line":113,"column":32}},"loc":{"start":{"line":113,"column":38},"end":{"line":117,"column":null}},"line":113},"7":{"name":"(anonymous_7)","decl":{"start":{"line":122,"column":81},"end":{"line":122,"column":82}},"loc":{"start":{"line":122,"column":88},"end":{"line":122,"column":96}},"line":122},"8":{"name":"(anonymous_8)","decl":{"start":{"line":139,"column":21},"end":{"line":139,"column":27}},"loc":{"start":{"line":139,"column":27},"end":{"line":139,"column":null}},"line":139},"9":{"name":"(anonymous_9)","decl":{"start":{"line":147,"column":21},"end":{"line":147,"column":27}},"loc":{"start":{"line":147,"column":27},"end":{"line":147,"column":null}},"line":147}},"branchMap":{"0":{"loc":{"start":{"line":25,"column":2},"end":{"line":44,"column":null}},"type":"if","locations":[{"start":{"line":25,"column":2},"end":{"line":44,"column":null}},{"start":{},"end":{}}],"line":25},"1":{"loc":{"start":{"line":97,"column":22},"end":{"line":97,"column":103}},"type":"cond-expr","locations":[{"start":{"line":97,"column":34},"end":{"line":97,"column":70}},{"start":{"line":97,"column":70},"end":{"line":97,"column":103}}],"line":97},"2":{"loc":{"start":{"line":107,"column":24},"end":{"line":107,"column":111}},"type":"cond-expr","locations":[{"start":{"line":107,"column":36},"end":{"line":107,"column":75}},{"start":{"line":107,"column":75},"end":{"line":107,"column":111}}],"line":107},"3":{"loc":{"start":{"line":108,"column":24},"end":{"line":108,"column":87}},"type":"cond-expr","locations":[{"start":{"line":108,"column":49},"end":{"line":108,"column":85}},{"start":{"line":108,"column":85},"end":{"line":108,"column":87}}],"line":108},"4":{"loc":{"start":{"line":109,"column":24},"end":{"line":109,"column":50}},"type":"cond-expr","locations":[{"start":{"line":109,"column":33},"end":{"line":109,"column":48}},{"start":{"line":109,"column":48},"end":{"line":109,"column":50}}],"line":109},"5":{"loc":{"start":{"line":110,"column":24},"end":{"line":110,"column":52}},"type":"cond-expr","locations":[{"start":{"line":110,"column":35},"end":{"line":110,"column":50}},{"start":{"line":110,"column":50},"end":{"line":110,"column":52}}],"line":110},"6":{"loc":{"start":{"line":114,"column":22},"end":{"line":116,"column":null}},"type":"if","locations":[{"start":{"line":114,"column":22},"end":{"line":116,"column":null}},{"start":{},"end":{}}],"line":114},"7":{"loc":{"start":{"line":114,"column":26},"end":{"line":114,"column":62}},"type":"binary-expr","locations":[{"start":{"line":114,"column":26},"end":{"line":114,"column":47}},{"start":{"line":114,"column":47},"end":{"line":114,"column":62}}],"line":114},"8":{"loc":{"start":{"line":131,"column":9},"end":{"line":131,"column":null}},"type":"binary-expr","locations":[{"start":{"line":131,"column":9},"end":{"line":131,"column":33}},{"start":{"line":131,"column":33},"end":{"line":131,"column":null}}],"line":131}},"s":{"0":28,"1":28,"2":35,"3":35,"4":28,"5":9,"6":19,"7":35,"8":35,"9":35,"10":35,"11":0,"12":0,"13":1,"14":0,"15":0,"16":3,"17":1,"18":1},"f":{"0":28,"1":35,"2":35,"3":0,"4":0,"5":1,"6":0,"7":3,"8":1,"9":1},"b":{"0":[9,19],"1":[17,18],"2":[17,18],"3":[0,35],"4":[15,20],"5":[3,32],"6":[0,0],"7":[0,0],"8":[19,1]},"meta":{"lastBranch":9,"lastFunction":10,"lastStatement":19,"seen":{"f:17:16:17:32":0,"s:18:38:18:Infinity":0,"s:20:26:23:Infinity":1,"f:20:26:20:27":1,"s:21:17:21:Infinity":2,"s:22:4:22:Infinity":3,"b:25:2:44:Infinity:undefined:undefined:undefined:undefined":0,"s:25:2:44:Infinity":4,"s:26:4:42:Infinity":5,"s:46:2:158:Infinity":6,"f:81:25:81:26":2,"s:82:32:82:Infinity":7,"s:83:29:83:Infinity":8,"s:84:31:84:Infinity":9,"s:86:14:125:Infinity":10,"f:90:32:90:38":3,"s:90:38:90:Infinity":11,"f:91:32:91:38":4,"s:91:38:91:Infinity":12,"b:97:34:97:70:97:70:97:103":1,"b:107:36:107:75:107:75:107:111":2,"b:108:49:108:85:108:85:108:87":3,"b:109:33:109:48:109:48:109:50":4,"b:110:35:110:50:110:50:110:52":5,"f:112:29:112:35":5,"s:112:35:112:Infinity":13,"f:113:31:113:32":6,"b:114:22:116:Infinity:undefined:undefined:undefined:undefined":6,"s:114:22:116:Infinity":14,"b:114:26:114:47:114:47:114:62":7,"s:115:24:115:Infinity":15,"f:122:81:122:82":7,"s:122:88:122:96":16,"b:131:9:131:33:131:33:131:Infinity":8,"f:139:21:139:27":8,"s:139:27:139:Infinity":17,"f:147:21:147:27":9,"s:147:27:147:Infinity":18}}}
,"/Users/lg/lab/daicer/frontend/src/components/game/CharacterSheetPanel.tsx": {"path":"/Users/lg/lab/daicer/frontend/src/components/game/CharacterSheetPanel.tsx","statementMap":{"0":{"start":{"line":9,"column":23},"end":{"line":9,"column":null}},"1":{"start":{"line":9,"column":51},"end":{"line":9,"column":null}},"2":{"start":{"line":11,"column":72},"end":{"line":16,"column":null}},"3":{"start":{"line":18,"column":72},"end":{"line":23,"column":null}},"4":{"start":{"line":25,"column":28},"end":{"line":25,"column":null}},"5":{"start":{"line":28,"column":2},"end":{"line":33,"column":null}},"6":{"start":{"line":38,"column":2},"end":{"line":50,"column":null}},"7":{"start":{"line":55,"column":2},"end":{"line":62,"column":null}},"8":{"start":{"line":67,"column":2},"end":{"line":86,"column":null}},"9":{"start":{"line":68,"column":4},"end":{"line":70,"column":null}},"10":{"start":{"line":69,"column":6},"end":{"line":69,"column":null}},"11":{"start":{"line":72,"column":26},"end":{"line":76,"column":null}},"12":{"start":{"line":73,"column":6},"end":{"line":75,"column":null}},"13":{"start":{"line":74,"column":8},"end":{"line":74,"column":null}},"14":{"start":{"line":78,"column":4},"end":{"line":78,"column":null}},"15":{"start":{"line":79,"column":29},"end":{"line":79,"column":null}},"16":{"start":{"line":80,"column":4},"end":{"line":80,"column":null}},"17":{"start":{"line":82,"column":4},"end":{"line":85,"column":null}},"18":{"start":{"line":83,"column":6},"end":{"line":83,"column":null}},"19":{"start":{"line":84,"column":6},"end":{"line":84,"column":null}},"20":{"start":{"line":88,"column":2},"end":{"line":88,"column":null}},"21":{"start":{"line":88,"column":15},"end":{"line":88,"column":null}},"22":{"start":{"line":90,"column":24},"end":{"line":90,"column":null}},"23":{"start":{"line":91,"column":25},"end":{"line":91,"column":null}},"24":{"start":{"line":92,"column":23},"end":{"line":92,"column":null}},"25":{"start":{"line":93,"column":27},"end":{"line":93,"column":null}},"26":{"start":{"line":95,"column":2},"end":{"line":407,"column":null}},"27":{"start":{"line":137,"column":20},"end":{"line":150,"column":null}},"28":{"start":{"line":205,"column":18},"end":{"line":209,"column":null}},"29":{"start":{"line":220,"column":20},"end":{"line":236,"column":null}},"30":{"start":{"line":252,"column":24},"end":{"line":257,"column":null}},"31":{"start":{"line":270,"column":24},"end":{"line":270,"column":null}},"32":{"start":{"line":287,"column":22},"end":{"line":287,"column":null}},"33":{"start":{"line":310,"column":20},"end":{"line":313,"column":null}},"34":{"start":{"line":359,"column":28},"end":{"line":359,"column":null}}},"fnMap":{"0":{"name":"(anonymous_0)","decl":{"start":{"line":9,"column":23},"end":{"line":9,"column":24}},"loc":{"start":{"line":9,"column":51},"end":{"line":9,"column":null}},"line":9},"1":{"name":"StatCard","decl":{"start":{"line":27,"column":9},"end":{"line":27,"column":18}},"loc":{"start":{"line":27,"column":106},"end":{"line":35,"column":null}},"line":27},"2":{"name":"ResourceBadge","decl":{"start":{"line":37,"column":9},"end":{"line":37,"column":23}},"loc":{"start":{"line":37,"column":57},"end":{"line":52,"column":null}},"line":37},"3":{"name":"TalentCard","decl":{"start":{"line":54,"column":9},"end":{"line":54,"column":20}},"loc":{"start":{"line":54,"column":52},"end":{"line":64,"column":null}},"line":54},"4":{"name":"CharacterSheetPanel","decl":{"start":{"line":66,"column":24},"end":{"line":66,"column":44}},"loc":{"start":{"line":66,"column":91},"end":{"line":409,"column":null}},"line":66},"5":{"name":"(anonymous_5)","decl":{"start":{"line":67,"column":12},"end":{"line":67,"column":18}},"loc":{"start":{"line":67,"column":18},"end":{"line":86,"column":5}},"line":67},"6":{"name":"(anonymous_6)","decl":{"start":{"line":72,"column":26},"end":{"line":72,"column":27}},"loc":{"start":{"line":72,"column":52},"end":{"line":76,"column":null}},"line":72},"7":{"name":"(anonymous_7)","decl":{"start":{"line":82,"column":11},"end":{"line":82,"column":17}},"loc":{"start":{"line":82,"column":17},"end":{"line":85,"column":null}},"line":82},"8":{"name":"(anonymous_8)","decl":{"start":{"line":136,"column":24},"end":{"line":136,"column":25}},"loc":{"start":{"line":137,"column":20},"end":{"line":150,"column":null}},"line":137},"9":{"name":"(anonymous_9)","decl":{"start":{"line":204,"column":94},"end":{"line":204,"column":95}},"loc":{"start":{"line":205,"column":18},"end":{"line":209,"column":null}},"line":205},"10":{"name":"(anonymous_10)","decl":{"start":{"line":219,"column":44},"end":{"line":219,"column":45}},"loc":{"start":{"line":220,"column":20},"end":{"line":236,"column":null}},"line":220},"11":{"name":"(anonymous_11)","decl":{"start":{"line":251,"column":48},"end":{"line":251,"column":49}},"loc":{"start":{"line":252,"column":24},"end":{"line":257,"column":null}},"line":252},"12":{"name":"(anonymous_12)","decl":{"start":{"line":269,"column":45},"end":{"line":269,"column":46}},"loc":{"start":{"line":270,"column":24},"end":{"line":270,"column":null}},"line":270},"13":{"name":"(anonymous_13)","decl":{"start":{"line":286,"column":49},"end":{"line":286,"column":50}},"loc":{"start":{"line":287,"column":22},"end":{"line":287,"column":null}},"line":287},"14":{"name":"(anonymous_14)","decl":{"start":{"line":309,"column":60},"end":{"line":309,"column":61}},"loc":{"start":{"line":310,"column":20},"end":{"line":313,"column":null}},"line":310},"15":{"name":"(anonymous_15)","decl":{"start":{"line":358,"column":69},"end":{"line":358,"column":70}},"loc":{"start":{"line":359,"column":28},"end":{"line":359,"column":null}},"line":359}},"branchMap":{"0":{"loc":{"start":{"line":9,"column":51},"end":{"line":9,"column":null}},"type":"cond-expr","locations":[{"start":{"line":9,"column":64},"end":{"line":9,"column":78}},{"start":{"line":9,"column":78},"end":{"line":9,"column":null}}],"line":9},"1":{"loc":{"start":{"line":32,"column":7},"end":{"line":32,"column":null}},"type":"binary-expr","locations":[{"start":{"line":32,"column":7},"end":{"line":32,"column":18}},{"start":{"line":32,"column":18},"end":{"line":32,"column":null}}],"line":32},"2":{"loc":{"start":{"line":48,"column":9},"end":{"line":48,"column":null}},"type":"binary-expr","locations":[{"start":{"line":48,"column":9},"end":{"line":48,"column":29}},{"start":{"line":48,"column":29},"end":{"line":48,"column":null}}],"line":48},"3":{"loc":{"start":{"line":68,"column":4},"end":{"line":70,"column":null}},"type":"if","locations":[{"start":{"line":68,"column":4},"end":{"line":70,"column":null}},{"start":{},"end":{}}],"line":68},"4":{"loc":{"start":{"line":73,"column":6},"end":{"line":75,"column":null}},"type":"if","locations":[{"start":{"line":73,"column":6},"end":{"line":75,"column":null}},{"start":{},"end":{}}],"line":73},"5":{"loc":{"start":{"line":88,"column":2},"end":{"line":88,"column":null}},"type":"if","locations":[{"start":{"line":88,"column":2},"end":{"line":88,"column":null}},{"start":{},"end":{}}],"line":88},"6":{"loc":{"start":{"line":92,"column":23},"end":{"line":92,"column":null}},"type":"cond-expr","locations":[{"start":{"line":92,"column":56},"end":{"line":92,"column":81}},{"start":{"line":92,"column":81},"end":{"line":92,"column":null}}],"line":92},"7":{"loc":{"start":{"line":126,"column":17},"end":{"line":127,"column":null}},"type":"binary-expr","locations":[{"start":{"line":126,"column":17},"end":{"line":126,"column":null}},{"start":{"line":127,"column":18},"end":{"line":127,"column":null}}],"line":126},"8":{"loc":{"start":{"line":130,"column":15},"end":{"line":156,"column":null}},"type":"cond-expr","locations":[{"start":{"line":131,"column":16},"end":{"line":152,"column":null}},{"start":{"line":154,"column":16},"end":{"line":156,"column":null}}],"line":130},"9":{"loc":{"start":{"line":180,"column":27},"end":{"line":180,"column":null}},"type":"cond-expr","locations":[{"start":{"line":180,"column":51},"end":{"line":180,"column":59}},{"start":{"line":180,"column":59},"end":{"line":180,"column":null}}],"line":180},"10":{"loc":{"start":{"line":182,"column":22},"end":{"line":184,"column":null}},"type":"cond-expr","locations":[{"start":{"line":183,"column":26},"end":{"line":183,"column":null}},{"start":{"line":184,"column":26},"end":{"line":184,"column":null}}],"line":182},"11":{"loc":{"start":{"line":219,"column":20},"end":{"line":219,"column":40}},"type":"binary-expr","locations":[{"start":{"line":219,"column":20},"end":{"line":219,"column":36}},{"start":{"line":219,"column":36},"end":{"line":219,"column":40}}],"line":219},"12":{"loc":{"start":{"line":238,"column":19},"end":{"line":241,"column":null}},"type":"binary-expr","locations":[{"start":{"line":238,"column":19},"end":{"line":238,"column":null}},{"start":{"line":239,"column":20},"end":{"line":241,"column":null}}],"line":238},"13":{"loc":{"start":{"line":249,"column":19},"end":{"line":261,"column":null}},"type":"cond-expr","locations":[{"start":{"line":250,"column":20},"end":{"line":259,"column":null}},{"start":{"line":261,"column":20},"end":{"line":261,"column":null}}],"line":249},"14":{"loc":{"start":{"line":267,"column":19},"end":{"line":274,"column":null}},"type":"cond-expr","locations":[{"start":{"line":268,"column":20},"end":{"line":272,"column":null}},{"start":{"line":274,"column":20},"end":{"line":274,"column":null}}],"line":267},"15":{"loc":{"start":{"line":284,"column":17},"end":{"line":291,"column":null}},"type":"cond-expr","locations":[{"start":{"line":285,"column":18},"end":{"line":289,"column":null}},{"start":{"line":291,"column":18},"end":{"line":291,"column":null}}],"line":284},"16":{"loc":{"start":{"line":312,"column":68},"end":{"line":312,"column":81}},"type":"binary-expr","locations":[{"start":{"line":312,"column":68},"end":{"line":312,"column":77}},{"start":{"line":312,"column":77},"end":{"line":312,"column":81}}],"line":312},"17":{"loc":{"start":{"line":321,"column":83},"end":{"line":321,"column":null}},"type":"binary-expr","locations":[{"start":{"line":321,"column":83},"end":{"line":321,"column":115}},{"start":{"line":321,"column":115},"end":{"line":321,"column":null}}],"line":321},"18":{"loc":{"start":{"line":324,"column":83},"end":{"line":324,"column":null}},"type":"binary-expr","locations":[{"start":{"line":324,"column":83},"end":{"line":324,"column":115}},{"start":{"line":324,"column":115},"end":{"line":324,"column":null}}],"line":324},"19":{"loc":{"start":{"line":327,"column":82},"end":{"line":327,"column":null}},"type":"binary-expr","locations":[{"start":{"line":327,"column":82},"end":{"line":327,"column":113}},{"start":{"line":327,"column":113},"end":{"line":327,"column":null}}],"line":327},"20":{"loc":{"start":{"line":330,"column":82},"end":{"line":330,"column":null}},"type":"binary-expr","locations":[{"start":{"line":330,"column":82},"end":{"line":330,"column":113}},{"start":{"line":330,"column":113},"end":{"line":330,"column":null}}],"line":330},"21":{"loc":{"start":{"line":344,"column":23},"end":{"line":344,"column":null}},"type":"binary-expr","locations":[{"start":{"line":344,"column":23},"end":{"line":344,"column":61}},{"start":{"line":344,"column":61},"end":{"line":344,"column":null}}],"line":344},"22":{"loc":{"start":{"line":348,"column":23},"end":{"line":348,"column":null}},"type":"binary-expr","locations":[{"start":{"line":348,"column":23},"end":{"line":348,"column":65}},{"start":{"line":348,"column":65},"end":{"line":348,"column":null}}],"line":348},"23":{"loc":{"start":{"line":352,"column":23},"end":{"line":352,"column":null}},"type":"binary-expr","locations":[{"start":{"line":352,"column":23},"end":{"line":352,"column":65}},{"start":{"line":352,"column":65},"end":{"line":352,"column":null}}],"line":352},"24":{"loc":{"start":{"line":354,"column":21},"end":{"line":362,"column":null}},"type":"binary-expr","locations":[{"start":{"line":354,"column":21},"end":{"line":354,"column":null}},{"start":{"line":355,"column":22},"end":{"line":362,"column":null}}],"line":354},"25":{"loc":{"start":{"line":364,"column":21},"end":{"line":369,"column":null}},"type":"cond-expr","locations":[{"start":{"line":365,"column":22},"end":{"line":368,"column":null}},{"start":{"line":369,"column":24},"end":{"line":369,"column":null}}],"line":364},"26":{"loc":{"start":{"line":377,"column":88},"end":{"line":377,"column":null}},"type":"binary-expr","locations":[{"start":{"line":377,"column":88},"end":{"line":377,"column":111}},{"start":{"line":377,"column":111},"end":{"line":377,"column":null}}],"line":377},"27":{"loc":{"start":{"line":381,"column":23},"end":{"line":381,"column":null}},"type":"binary-expr","locations":[{"start":{"line":381,"column":23},"end":{"line":381,"column":62}},{"start":{"line":381,"column":62},"end":{"line":381,"column":null}}],"line":381},"28":{"loc":{"start":{"line":384,"column":87},"end":{"line":384,"column":null}},"type":"binary-expr","locations":[{"start":{"line":384,"column":87},"end":{"line":384,"column":109}},{"start":{"line":384,"column":109},"end":{"line":384,"column":null}}],"line":384},"29":{"loc":{"start":{"line":387,"column":87},"end":{"line":387,"column":null}},"type":"binary-expr","locations":[{"start":{"line":387,"column":87},"end":{"line":387,"column":109}},{"start":{"line":387,"column":109},"end":{"line":387,"column":null}}],"line":387},"30":{"loc":{"start":{"line":400,"column":19},"end":{"line":400,"column":null}},"type":"binary-expr","locations":[{"start":{"line":400,"column":19},"end":{"line":400,"column":42}},{"start":{"line":400,"column":42},"end":{"line":400,"column":null}}],"line":400}},"s":{"0":1,"1":0,"2":1,"3":1,"4":1,"5":0,"6":0,"7":0,"8":51,"9":51,"10":51,"11":0,"12":0,"13":0,"14":0,"15":0,"16":0,"17":0,"18":0,"19":0,"20":51,"21":51,"22":0,"23":0,"24":0,"25":51,"26":51,"27":0,"28":0,"29":0,"30":0,"31":0,"32":0,"33":0,"34":0},"f":{"0":0,"1":0,"2":0,"3":0,"4":51,"5":51,"6":0,"7":0,"8":0,"9":0,"10":0,"11":0,"12":0,"13":0,"14":0,"15":0},"b":{"0":[0,0],"1":[0,0],"2":[0,0],"3":[51,0],"4":[0,0],"5":[51,0],"6":[0,0],"7":[51,0],"8":[0,0],"9":[0,0],"10":[0,0],"11":[51,0],"12":[51,0],"13":[0,0],"14":[0,0],"15":[0,0],"16":[0,0],"17":[51,0],"18":[51,0],"19":[51,0],"20":[51,0],"21":[51,0],"22":[51,0],"23":[51,0],"24":[51,0],"25":[0,0],"26":[51,0],"27":[51,0],"28":[51,0],"29":[51,0],"30":[51,0]},"meta":{"lastBranch":31,"lastFunction":16,"lastStatement":35,"seen":{"s:9:23:9:Infinity":0,"f:9:23:9:24":0,"s:9:51:9:Infinity":1,"b:9:64:9:78:9:78:9:Infinity":0,"s:11:72:16:Infinity":2,"s:18:72:23:Infinity":3,"s:25:28:25:Infinity":4,"f:27:9:27:18":1,"s:28:2:33:Infinity":5,"b:32:7:32:18:32:18:32:Infinity":1,"f:37:9:37:23":2,"s:38:2:50:Infinity":6,"b:48:9:48:29:48:29:48:Infinity":2,"f:54:9:54:20":3,"s:55:2:62:Infinity":7,"f:66:24:66:44":4,"s:67:2:86:Infinity":8,"f:67:12:67:18":5,"b:68:4:70:Infinity:undefined:undefined:undefined:undefined":3,"s:68:4:70:Infinity":9,"s:69:6:69:Infinity":10,"s:72:26:76:Infinity":11,"f:72:26:72:27":6,"b:73:6:75:Infinity:undefined:undefined:undefined:undefined":4,"s:73:6:75:Infinity":12,"s:74:8:74:Infinity":13,"s:78:4:78:Infinity":14,"s:79:29:79:Infinity":15,"s:80:4:80:Infinity":16,"s:82:4:85:Infinity":17,"f:82:11:82:17":7,"s:83:6:83:Infinity":18,"s:84:6:84:Infinity":19,"b:88:2:88:Infinity:undefined:undefined:undefined:undefined":
[...]
art":{"line":196,"column":36},"end":{"line":196,"column":null}},"29":{"start":{"line":198,"column":4},"end":{"line":402,"column":null}},"30":{"start":{"line":204,"column":75},"end":{"line":214,"column":10}},"31":{"start":{"line":221,"column":73},"end":{"line":230,"column":10}},"32":{"start":{"line":237,"column":79},"end":{"line":245,"column":10}},"33":{"start":{"line":252,"column":77},"end":{"line":258,"column":10}},"34":{"start":{"line":265,"column":74},"end":{"line":271,"column":10}},"35":{"start":{"line":278,"column":78},"end":{"line":284,"column":10}},"36":{"start":{"line":291,"column":77},"end":{"line":297,"column":10}},"37":{"start":{"line":304,"column":80},"end":{"line":309,"column":10}},"38":{"start":{"line":316,"column":78},"end":{"line":321,"column":10}},"39":{"start":{"line":328,"column":79},"end":{"line":333,"column":10}},"40":{"start":{"line":340,"column":60},"end":{"line":361,"column":10}},"41":{"start":{"line":349,"column":14},"end":{"line":351,"column":null}},"42":{"start":{"line":350,"column":16},"end":{"line":350,"column":null}},"43":{"start":{"line":352,"column":14},"end":{"line":352,"column":null}},"44":{"start":{"line":355,"column":14},"end":{"line":357,"column":null}},"45":{"start":{"line":356,"column":16},"end":{"line":356,"column":null}},"46":{"start":{"line":358,"column":14},"end":{"line":358,"column":null}},"47":{"start":{"line":360,"column":73},"end":{"line":360,"column":87}},"48":{"start":{"line":368,"column":67},"end":{"line":373,"column":10}},"49":{"start":{"line":380,"column":50},"end":{"line":387,"column":10}},"50":{"start":{"line":394,"column":82},"end":{"line":400,"column":10}},"51":{"start":{"line":405,"column":2},"end":{"line":506,"column":null}},"52":{"start":{"line":440,"column":14},"end":{"line":501,"column":null}},"53":{"start":{"line":463,"column":20},"end":{"line":498,"column":null}},"54":{"start":{"line":491,"column":28},"end":{"line":494,"column":null}}},"fnMap":{"0":{"name":"formatCost","decl":{"start":{"line":91,"column":9},"end":{"line":91,"column":20}},"loc":{"start":{"line":91,"column":71},"end":{"line":94,"column":null}},"line":91},"1":{"name":"ExplorePage","decl":{"start":{"line":96,"column":24},"end":{"line":96,"column":38}},"loc":{"start":{"line":96,"column":38},"end":{"line":508,"column":null}},"line":96},"2":{"name":"(anonymous_2)","decl":{"start":{"line":99,"column":12},"end":{"line":99,"column":18}},"loc":{"start":{"line":99,"column":18},"end":{"line":171,"column":5}},"line":99},"3":{"name":"(anonymous_3)","decl":{"start":{"line":101,"column":17},"end":{"line":101,"column":29}},"loc":{"start":{"line":101,"column":29},"end":{"line":164,"column":null}},"line":101},"4":{"name":"(anonymous_4)","decl":{"start":{"line":168,"column":11},"end":{"line":168,"column":17}},"loc":{"start":{"line":168,"column":17},"end":{"line":170,"column":null}},"line":168},"5":{"name":"(anonymous_5)","decl":{"start":{"line":173,"column":45},"end":{"line":173,"column":51}},"loc":{"start":{"line":173,"column":51},"end":{"line":403,"column":5}},"line":173},"6":{"name":"(anonymous_6)","decl":{"start":{"line":204,"column":64},"end":{"line":204,"column":65}},"loc":{"start":{"line":204,"column":75},"end":{"line":214,"column":10}},"line":204},"7":{"name":"(anonymous_7)","decl":{"start":{"line":221,"column":62},"end":{"line":221,"column":63}},"loc":{"start":{"line":221,"column":73},"end":{"line":230,"column":10}},"line":221},"8":{"name":"(anonymous_8)","decl":{"start":{"line":237,"column":68},"end":{"line":237,"column":69}},"loc":{"start":{"line":237,"column":79},"end":{"line":245,"column":10}},"line":237},"9":{"name":"(anonymous_9)","decl":{"start":{"line":252,"column":66},"end":{"line":252,"column":67}},"loc":{"start":{"line":252,"column":77},"end":{"line":258,"column":10}},"line":252},"10":{"name":"(anonymous_10)","decl":{"start":{"line":265,"column":63},"end":{"line":265,"column":64}},"loc":{"start":{"line":265,"column":74},"end":{"line":271,"column":10}},"line":265},"11":{"name":"(anonymous_11)","decl":{"start":{"line":278,"column":67},"end":{"line":278,"column":68}},"loc":{"start":{"line":278,"column":78},"end":{"line":284,"column":10}},"line":278},"12":{"name":"(anonymous_12)","decl":{"start":{"line":291,"column":66},"end":{"line":291,"column":67}},"loc":{"start":{"line":291,"column":77},"end":{"line":297,"column":10}},"line":291},"13":{"name":"(anonymous_13)","decl":{"start":{"line":304,"column":69},"end":{"line":304,"column":70}},"loc":{"start":{"line":304,"column":80},"end":{"line":309,"column":10}},"line":304},"14":{"name":"(anonymous_14)","decl":{"start":{"line":316,"column":67},"end":{"line":316,"column":68}},"loc":{"start":{"line":316,"column":78},"end":{"line":321,"column":10}},"line":316},"15":{"name":"(anonymous_15)","decl":{"start":{"line":328,"column":68},"end":{"line":328,"column":69}},"loc":{"start":{"line":328,"column":79},"end":{"line":333,"column":10}},"line":328},"16":{"name":"(anonymous_16)","decl":{"start":{"line":340,"column":49},"end":{"line":340,"column":50}},"loc":{"start":{"line":340,"column":60},"end":{"line":361,"column":10}},"line":340},"17":{"name":"(anonymous_17)","decl":{"start":{"line":348,"column":13},"end":{"line":348,"column":19}},"loc":{"start":{"line":348,"column":19},"end":{"line":353,"column":15}},"line":348},"18":{"name":"(anonymous_18)","decl":{"start":{"line":354,"column":13},"end":{"line":354,"column":19}},"loc":{"start":{"line":354,"column":19},"end":{"line":359,"column":15}},"line":354},"19":{"name":"(anonymous_19)","decl":{"start":{"line":360,"column":19},"end":{"line":360,"column":20}},"loc":{"start":{"line":360,"column":73},"end":{"line":360,"column":87}},"line":360},"20":{"name":"(anonymous_20)","decl":{"start":{"line":368,"column":56},"end":{"line":368,"column":57}},"loc":{"start":{"line":368,"column":67},"end":{"line":373,"column":10}},"line":368},"21":{"name":"(anonymous_21)","decl":{"start":{"line":380,"column":39},"end":{"line":380,"column":40}},"loc":{"start":{"line":380,"column":50},"end":{"line":387,"column":10}},"line":380},"22":{"name":"(anonymous_22)","decl":{"start":{"line":394,"column":71},"end":{"line":394,"column":72}},"loc":{"start":{"line":394,"column":82},"end":{"line":400,"column":10}},"line":394},"23":{"name":"(anonymous_23)","decl":{"start":{"line":439,"column":26},"end":{"line":439,"column":27}},"loc":{"start":{"line":440,"column":14},"end":{"line":501,"column":null}},"line":440},"24":{"name":"(anonymous_24)","decl":{"start":{"line":462,"column":37},"end":{"line":462,"column":38}},"loc":{"start":{"line":463,"column":20},"end":{"line":498,"column":null}},"line":463},"25":{"name":"(anonymous_25)","decl":{"start":{"line":490,"column":41},"end":{"line":490,"column":42}},"loc":{"start":{"line":491,"column":28},"end":{"line":494,"column":null}},"line":491}},"branchMap":{"0":{"loc":{"start":{"line":92,"column":2},"end":{"line":92,"column":null}},"type":"if","locations":[{"start":{"line":92,"column":2},"end":{"line":92,"column":null}},{"start":{},"end":{}}],"line":92},"1":{"loc":{"start":{"line":135,"column":8},"end":{"line":137,"column":null}},"type":"if","locations":[{"start":{"line":135,"column":8},"end":{"line":137,"column":null}},{"start":{},"end":{}}],"line":135},"2":{"loc":{"start":{"line":159,"column":8},"end":{"line":161,"column":null}},"type":"if","locations":[{"start":{"line":159,"column":8},"end":{"line":161,"column":null}},{"start":{},"end":{}}],"line":159},"3":{"loc":{"start":{"line":162,"column":45},"end":{"line":162,"column":108}},"type":"cond-expr","locations":[{"start":{"line":162,"column":70},"end":{"line":162,"column":86}},{"start":{"line":162,"column":86},"end":{"line":162,"column":108}}],"line":162},"4":{"loc":{"start":{"line":174,"column":4},"end":{"line":176,"column":null}},"type":"if","locations":[{"start":{"line":174,"column":4},"end":{"line":176,"column":null}},{"start":{},"end":{}}],"line":174},"5":{"loc":{"start":{"line":242,"column":16},"end":{"line":244,"column":null}},"type":"cond-expr","locations":[{"start":{"line":243,"column":14},"end":{"line":243,"column":null}},{"start":{"line":244,"column":14},"end":{"line":244,"column":null}}],"line":242},"6":{"loc":{"start":{"line":296,"column":17},"end":{"line":296,"column":null}},"type":"cond-expr","locations":[{"start":{"line":296,"column":31},"end":{"line":296,"column":40}},{"start":{"line":296,"column":40},"end":{"line":296,"column":null}}],"line":296},"7":{"loc":{"start":{"line":347,"column":38},"end":{"line":347,"column":78}},"type":"cond-expr","locations":[{"start":{"line":347,"column":52},"end":{"line":347,"column":74}},{"start":{"line":347,"column":74},"end":{"line":347,"column":78}}],"line":347},"8":{"loc":{"start":{"line":349,"column":14},"end":{"line":351,"column":null}},"type":"if","locations":[{"start":{"line":349,"column":14},"end":{"line":351,"column":null}},{"start":{},"end":{}}],"line":349},"9":{"loc":{"start":{"line":349,"column":18},"end":{"line":349,"column":87}},"type":"binary-expr","locations":[{"start":{"line":349,"column":18},"end":{"line":349,"column":46}},{"start":{"line":349,"column":46},"end":{"line":349,"column":87}}],"line":349},"10":{"loc":{"start":{"line":355,"column":14},"end":{"line":357,"column":null}},"type":"if","locations":[{"start":{"line":355,"column":14},"end":{"line":357,"column":null}},{"start":{},"end":{}}],"line":355},"11":{"loc":{"start":{"line":355,"column":18},"end":{"line":355,"column":85}},"type":"binary-expr","locations":[{"start":{"line":355,"column":18},"end":{"line":355,"column":45}},{"start":{"line":355,"column":45},"end":{"line":355,"column":85}}],"line":355},"12":{"loc":{"start":{"line":423,"column":9},"end":{"line":428,"column":null}},"type":"cond-expr","locations":[{"start":{"line":424,"column":10},"end":{"line":427,"column":null}},{"start":{"line":428,"column":12},"end":{"line":428,"column":null}}],"line":423},"13":{"loc":{"start":{"line":423,"column":9},"end":{"line":423,"column":null}},"type":"binary-expr","locations":[{"start":{"line":423,"column":9},"end":{"line":423,"column":39}},{"start":{"line":423,"column":39},"end":{"line":423,"column":null}}],"line":423},"14":{"loc":{"start":{"line":430,"column":9},"end":{"line":435,"column":null}},"type":"cond-expr","locations":[{"start":{"line":431,"column":10},"end":{"line":434,"column":null}},{"start":{"line":435,"column":12},"end":{"line":435,"column":null}}],"line":430},"15":{"loc":{"start":{"line":437,"column":9},"end":{"line":504,"column":null}},"type":"cond-expr","locations":[{"start":{"line":438,"column":10},"end":{"line":503,"column":null}},{"start":{"line":504,"column":12},"end":{"line":504,"column":null}}],"line":437},"16":{"loc":{"start":{"line":478,"column":27},"end":{"line":482,"column":null}},"type":"cond-expr","locations":[{"start":{"line":479,"column":28},"end":{"line":481,"column":null}},{"start":{"line":482,"column":30},"end":{"line":482,"column":null}}],"line":478},"17":{"loc":{"start":{"line":485,"column":23},"end":{"line":487,"column":null}},"type":"cond-expr","locations":[{"start":{"line":486,"column":24},"end":{"line":486,"column":null}},{"start":{"line":487,"column":26},"end":{"line":487,"column":null}}],"line":485},"18":{"loc":{"start":{"line":488,"column":23},"end":{"line":497,"column":null}},"type":"cond-expr","locations":[{"start":{"line":489,"column":24},"end":{"line":496,"column":null}},{"start":{"line":497,"column":26},"end":{"line":497,"column":null}}],"line":488},"19":{"loc":{"start":{"line":488,"column":23},"end":{"line":488,"column":null}},"type":"binary-expr","locations":[{"start":{"line":488,"column":23},"end":{"line":488,"column":36}},{"start":{"line":488,"column":36},"end":{"line":488,"column":null}}],"line":488}},"s":{"0":1,"1":1,"2":1,"3":0,"4":1,"5":3,"6":3,"7":1,"8":1,"9":1,"10":1,"11":1,"12":1,"13":1,"14":1,"15":0,"16":1,"17":0,"18":0,"19":0,"20":1,"21":1,"22":1,"23":3,"24":3,"25":2,"26":1,"27":1,"28":1,"29":1,"30":1,"31":1,"32":1,"33":1,"34":1,"35":1,"36":1,"37":1,"38":1,"39":1,"40":1,"41":1,"42":1,"43":0,"44":1,"45":0,"46":1,"47":4,"48":1,"49":1,"50":1,"51":3,"52":14,"53":14,"54":10},"f":{"0":1,"1":3,"2":1,"3":1,"4":1,"5":3,"6":1,"7":1,"8":1,"9":1,"10":1,"11":1,"12":1,"13":1,"14":1,"15":1,"16":1,"17":1,"18":1,"19":4,"20":1,"21":1,"22":1,"23":14,"24":14,"25":10},"b":{"0":[0,1],"1":[0,1],"2":[0,0],"3":[0,0],"4":[2,1],"5":[1,0],"6":[0,1],"7":[1,0],"8":[1,0],"9":[1,1],"10":[0,1],"11":[1,0],"12":[2,1],"13":[3,2],"14":[0,3],"15":[1,2],"16":[6,8],"17":[14,0],"18":[6,8],"19":[14,6]},"meta":{"lastBranch":20,"lastFunction":26,"lastStatement":55,"seen":{"s:88:22:88:Infinity":0,"s:89:31:89:Infinity":1,"f:91:9:91:20":0,"b:92:2:92:Infinity:undefined:undefined:undefined:undefined":0,"s:92:2:92:Infinity":2,"s:92:13:92:Infinity":3,"s:93:2:93:Infinity":4,"f:96:24:96:38":1,"s:97:24:97:Infinity":5,"s:99:2:171:Infinity":6,"f:99:12:99:18":2,"s:100:20:100:Infinity":7,"s:101:17:164:Infinity":8,"f:101:17:101:29":3,"s:102:6:102:Infinity":9,"s:103:6:163:Infinity":10,"s:117:12:130:Infinity":11,"s:132:14:132:Infinity":12,"s:133:22:133:Infinity":13,"b:135:8:137:Infinity:undefined:undefined:undefined:undefined":1,"s:135:8:137:Infinity":14,"s:136:10:136:Infinity":15,"s:139:8:157:Infinity":16,"b:159:8:161:Infinity:undefined:undefined:undefined:undefined":2,"s:159:8:161:Infinity":17,"s:160:10:160:Infinity":18,"s:162:8:162:Infinity":19,"b:162:70:162:86:162:86:162:108":3,"s:166:4:166:Infinity":20,"s:168:4:170:Infinity":21,"f:168:11:168:17":4,"s:169:6:169:Infinity":22,"s:173:8:403:Infinity":23,"f:173:45:173:51":5,"b:174:4:176:Infinity:undefined:undefined:undefined:undefined":4,"s:174:4:176:Infinity":24,"s:175:6:175:Infinity":25,"s:193:8:193:Infinity":26,"s:195:29:195:Infinity":27,"s:196:36:196:Infinity":28,"s:198:4:402:Infinity":29,"f:204:64:204:65":6,"s:204:75:214:10":30,"f:221:62:221:63":7,"s:221:73:230:10":31,"f:237:68:237:69":8,"s:237:79:245:10":32,"b:243:14:243:Infinity:244:14:244:Infinity":5,"f:252:66:252:67":9,"s:252:77:258:10":33,"f:265:63:265:64":10,"s:265:74:271:10":34,"f:278:67:278:68":11,"s:278:78:284:10":35,"f:291:66:291:67":12,"s:291:77:297:10":36,"b:296:31:296:40:296:40:296:Infinity":6,"f:304:69:304:70":13,"s:304:80:309:10":37,"f:316:67:316:68":14,"s:316:78:321:10":38,"f:328:68:328:69":15,"s:328:79:333:10":39,"f:340:49:340:50":16,"s:340:60:361:10":40,"b:347:52:347:74:347:74:347:78":7,"f:348:13:348:19":17,"b:349:14:351:Infinity:undefined:undefined:undefined:undefined":8,"s:349:14:351:Infinity":41,"b:349:18:349:46:349:46:349:87":9,"s:350:16:350:Infinity":42,"s:352:14:352:Infinity":43,"f:354:13:354:19":18,"b:355:14:357:Infinity:undefined:undefined:undefined:undefined":10,"s:355:14:357:Infinity":44,"b:355:18:355:45:355:45:355:85":11,"s:356:16:356:Infinity":45,"s:358:14:358:Infinity":46,"f:360:19:360:20":19,"s:360:73:360:87":47,"f:368:56:368:57":20,"s:368:67:373:10":48,"f:380:39:380:40":21,"s:380:50:387:10":49,"f:394:71:394:72":22,"s:394:82:400:10":50,"s:405:2:506:Infinity":51,"b:424:10:427:Infinity:428:12:428:Infinity":12,"b:423:9:423:39:423:39:423:Infinity":13,"b:431:10:434:Infinity:435:12:435:Infinity":14,"b:438:10:503:Infinity:504:12:504:Infinity":15,"f:439:26:439:27":23,"s:440:14:501:Infinity":52,"f:462:37:462:38":24,"s:463:20:498:Infinity":53,"b:479:28:481:Infinity:482:30:482:Infinity":16,"b:486:24:486:Infinity:487:26:487:Infinity":17,"b:489:24:496:Infinity:497:26:497:Infinity":18,"b:488:23:488:36:488:36:488:Infinity":19,"f:490:41:490:42":25,"s:491:28:494:Infinity":54}}}
,"/Users/lg/lab/daicer/frontend/src/services/firebase.ts": {"path":"/Users/lg/lab/daicer/frontend/src/services/firebase.ts","statementMap":{"0":{"start":{"line":10,"column":25},"end":{"line":10,"column":null}},"1":{"start":{"line":12,"column":23},"end":{"line":19,"column":null}},"2":{"start":{"line":22,"column":6},"end":{"line":22,"column":null}},"3":{"start":{"line":25,"column":13},"end":{"line":25,"column":null}},"4":{"start":{"line":26,"column":13},"end":{"line":26,"column":null}},"5":{"start":{"line":29,"column":0},"end":{"line":48,"column":null}},"6":{"start":{"line":30,"column":2},"end":{"line":47,"column":null}},"7":{"start":{"line":34,"column":34},"end":{"line":34,"column":null}},"8":{"start":{"line":36,"column":4},"end":{"line":38,"column":null}},"9":{"start":{"line":37,"column":6},"end":{"line":37,"column":null}},"10":{"start":{"line":42,"column":4},"end":{"line":44,"column":null}},"11":{"start":{"line":43,"column":6},"end":{"line":43,"column":null}}},"fnMap":{},"branchMap":{"0":{"loc":{"start":{"line":10,"column":25},"end":{"line":10,"column":null}},"type":"binary-expr","locations":[{"start":{"line":10,"column":25},"end":{"line":10,"column":74}},{"start":{"line":10,"column":74},"end":{"line":10,"column":null}}],"line":10},"1":{"loc":{"start":{"line":13,"column":10},"end":{"line":13,"column":null}},"type":"cond-expr","locations":[{"start":{"line":13,"column":29},"end":{"line":13,"column":46}},{"start":{"line":13,"column":46},"end":{"line":13,"column":null}}],"line":13},"2":{"loc":{"start":{"line":14,"column":14},"end":{"line":14,"column":null}},"type":"cond-expr","locations":[{"start":{"line":14,"column":33},"end":{"line":14,"column":66}},{"start":{"line":14,"column":66},"end":{"line":14,"column":null}}],"line":14},"3":{"loc":{"start":{"line":15,"column":13},"end":{"line":15,"column":null}},"type":"binary-expr","locations":[{"start":{"line":15,"column":13},"end":{"line":15,"column":57}},{"start":{"line":15,"column":57},"end":{"line":15,"column":null}}],"line":15},"4":{"loc":{"start":{"line":16,"column":17},"end":{"line":16,"column":null}},"type":"cond-expr","locations":[{"start":{"line":16,"column":36},"end":{"line":16,"column":65}},{"start":{"line":16,"column":65},"end":{"line":16,"column":null}}],"line":16},"5":{"loc":{"start":{"line":17,"column":21},"end":{"line":17,"column":null}},"type":"cond-expr","locations":[{"start":{"line":17,"column":40},"end":{"line":17,"column":54}},{"start":{"line":17,"column":54},"end":{"line":17,"column":null}}],"line":17},"6":{"loc":{"start":{"line":18,"column":9},"end":{"line":18,"column":null}},"type":"cond-expr","locations":[{"start":{"line":18,"column":28},"end":{"line":18,"column":55}},{"start":{"line":18,"column":55},"end":{"line":18,"column":null}}],"line":18},"7":{"loc":{"start":{"line":29,"column":0},"end":{"line":48,"column":null}},"type":"if","locations":[{"start":{"line":29,"column":0},"end":{"line":48,"column":null}},{"start":{},"end":{}}],"line":29},"8":{"loc":{"start":{"line":36,"column":4},"end":{"line":38,"column":null}},"type":"if","locations":[{"start":{"line":36,"column":4},"end":{"line":38,"column":null}},{"start":{},"end":{}}],"line":36},"9":{"loc":{"start":{"line":36,"column":8},"end":{"line":36,"column":70}},"type":"binary-expr","locations":[{"start":{"line":36,"column":8},"end":{"line":36,"column":47}},{"start":{"line":36,"column":47},"end":{"line":36,"column":70}}],"line":36},"10":{"loc":{"start":{"line":42,"column":4},"end":{"line":44,"column":null}},"type":"if","locations":[{"start":{"line":42,"column":4},"end":{"line":44,"column":null}},{"start":{},"end":{}}],"line":42}},"s":{"0":1,"1":1,"2":1,"3":1,"4":1,"5":1,"6":1,"7":1,"8":1,"9":1,"10":1,"11":1},"f":{},"b":{"0":[1,0],"1":[1,0],"2":[1,0],"3":[1,0],"4":[1,0],"5":[1,0],"6":[1,0],"7":[1,0],"8":[1,0],"9":[1,1],"10":[1,0]},"meta":{"lastBranch":11,"lastFunction":0,"lastStatement":12,"seen":{"s:10:25:10:Infinity":0,"b:10:25:10:74:10:74:10:Infinity":0,"s:12:23:19:Infinity":1,"b:13:29:13:46:13:46:13:Infinity":1,"b:14:33:14:66:14:66:14:Infinity":2,"b:15:13:15:57:15:57:15:Infinity":3,"b:16:36:16:65:16:65:16:Infinity":4,"b:17:40:17:54:17:54:17:Infinity":5,"b:18:28:18:55:18:55:18:Infinity":6,"s:22:6:22:Infinity":2,"s:25:13:25:Infinity":3,"s:26:13:26:Infinity":4,"b:29:0:48:Infinity:undefined:undefined:undefined:undefined":7,"s:29:0:48:Infinity":5,"s:30:2:47:Infinity":6,"s:34:34:34:Infinity":7,"b:36:4:38:Infinity:undefined:undefined:undefined:undefined":8,"s:36:4:38:Infinity":8,"b:36:8:36:47:36:47:36:70":9,"s:37:6:37:Infinity":9,"b:42:4:44:Infinity:undefined:undefined:undefined:undefined":10,"s:42:4:44:Infinity":10,"s:43:6:43:Infinity":11}}}
}
